<?xml version="1.0" encoding="utf-8"?><testsuites name="pytest tests"><testsuite name="pytest" errors="0" failures="1" skipped="0" tests="24" time="59.066" timestamp="2026-06-04T02:22:38.728435+00:00" hostname="agent-env-e1a74972-928b-48c7-ab8d-0a24f5d55f92"><testcase classname="backend.tests.test_iter58_vibe_pipeline_apps.TestRegressionExisting" name="test_models_list" time="0.580" /><testcase classname="backend.tests.test_iter58_vibe_pipeline_apps.TestRegressionExisting" name="test_sessions_list" time="0.131" /><testcase classname="backend.tests.test_iter58_vibe_pipeline_apps.TestRegressionExisting" name="test_vibe_chat_works" time="0.980" /><testcase classname="backend.tests.test_iter58_vibe_pipeline_apps.TestRegressionExisting" name="test_recommend_model" time="2.424" /><testcase classname="backend.tests.test_iter58_vibe_pipeline_apps.TestVibePipeline" name="test_generate_returns_queued_fast" time="3.182" /><testcase classname="backend.tests.test_iter58_vibe_pipeline_apps.TestVibePipeline" name="test_build_status_polling" time="48.997" /><testcase classname="backend.tests.test_iter58_vibe_pipeline_apps.TestAppsEndpoints" name="test_my_apps_lists_user_apps" time="0.120" /><testcase classname="backend.tests.test_iter58_vibe_pipeline_apps.TestAppsEndpoints" name="test_my_apps_requires_auth" time="0.109" /><testcase classname="backend.tests.test_iter58_vibe_pipeline_apps.TestAppsEndpoints" name="test_get_app_by_slug" time="0.261" /><testcase classname="backend.tests.test_iter58_vibe_pipeline_apps.TestAppsEndpoints" name="test_get_app_404_for_unknown" time="0.148" /><testcase classname="backend.tests.test_iter58_vibe_pipeline_apps.TestAppsEndpoints" name="test_get_app_cross_tenant_404" time="0.476" /><testcase classname="backend.tests.test_iter58_vibe_pipeline_apps.TestAppsEndpoints" name="test_render_html_no_auth" time="0.145" /><testcase classname="backend.tests.test_iter58_vibe_pipeline_apps.TestAppsEndpoints" name="test_render_404_for_unknown" time="0.124" /><testcase classname="backend.tests.test_iter58_vibe_pipeline_apps.TestAppsEndpoints" name="test_run_app_sandbox" time="0.117" /><testcase classname="backend.tests.test_iter58_vibe_pipeline_apps.TestAppsEndpoints" name="test_run_app_cross_tenant_forbidden" time="0.120" /><testcase classname="backend.tests.test_iter58_vibe_pipeline_apps.TestAppsEndpoints" name="test_runs_history" time="0.112" /><testcase classname="backend.tests.test_iter58_vibe_pipeline_apps.TestAppsEndpoints" name="test_runs_history_cross_tenant_404" time="0.123" /><testcase classname="backend.tests.test_iter58_vibe_pipeline_apps.TestResumeBuild" name="test_resume_non_paused_returns_409" time="0.108" /><testcase classname="backend.tests.test_iter58_vibe_pipeline_apps.TestResumeBuild" name="test_resume_unknown_session_404" time="0.100" /><testcase classname="backend.tests.test_iter58_vibe_pipeline_apps.TestRuntimeStatus" name="test_owner_can_view" time="0.161"><failure message="AssertionError: assert None is True&#10; +  where None = &lt;built-in method get of dict object at 0xfd564a135c80&gt;('ok')&#10; +    where &lt;built-in method get of dict object at 0xfd564a135c80&gt; = {}.get">backend/tests/test_iter58_vibe_pipeline_apps.py:269: in test_owner_can_view
    assert ch.get("ok") is True
E   AssertionError: assert None is True
E    +  where None = &lt;built-in method get of dict object at 0xfd564a135c80&gt;('ok')
E    +    where &lt;built-in method get of dict object at 0xfd564a135c80&gt; = {}.get</failure></testcase><testcase classname="backend.tests.test_iter58_vibe_pipeline_apps.TestRuntimeStatus" name="test_dev_admin_forbidden" time="0.128" /><testcase classname="backend.tests.test_iter58_vibe_pipeline_apps.TestRuntimeStatus" name="test_anonymous_unauthorized" time="0.109" /><testcase classname="backend.tests.test_iter58_vibe_pipeline_apps.TestRedesign" name="test_redesign_unknown_app_404" time="0.116" /><testcase classname="backend.tests.test_iter58_vibe_pipeline_apps.TestRedesign" name="test_redesign_validation_min_length" time="0.115" /></testsuite></testsuites>