<?xml version="1.0" encoding="utf-8"?><testsuites name="pytest tests"><testsuite name="pytest" errors="0" failures="1" skipped="0" tests="18" time="37.868" timestamp="2026-05-27T16:10:33.596728+00:00" hostname="agent-env-e1a74972-928b-48c7-ab8d-0a24f5d55f92"><testcase classname="backend.tests.test_workflow_iter32.TestArmoryBuildBot" name="test_build_calculator_happy_path" time="29.757" /><testcase classname="backend.tests.test_workflow_iter32.TestArmoryBuildBot" name="test_validation_prompt_too_short" time="0.175" /><testcase classname="backend.tests.test_workflow_iter32.TestArmoryBuildBot" name="test_validation_prompt_empty" time="0.149" /><testcase classname="backend.tests.test_workflow_iter32.TestArmoryBuildBot" name="test_auth_required" time="0.161" /><testcase classname="backend.tests.test_workflow_iter32.TestBotProjectCRUD" name="test_list_projects_excludes_commit_history" time="0.138" /><testcase classname="backend.tests.test_workflow_iter32.TestBotProjectCRUD" name="test_get_single_project_full" time="0.139" /><testcase classname="backend.tests.test_workflow_iter32.TestBotProjectCRUD" name="test_get_other_user_project_404" time="0.449" /><testcase classname="backend.tests.test_workflow_iter32.TestBotProjectCRUD" name="test_commit_increments_version_and_appends_history" time="0.300" /><testcase classname="backend.tests.test_workflow_iter32.TestBotProjectCRUD" name="test_patch_file_in_place" time="0.264" /><testcase classname="backend.tests.test_workflow_iter32.TestBotProjectCRUD" name="test_patch_file_adds_new_file" time="0.117" /><testcase classname="backend.tests.test_workflow_iter32.TestBotProjectCRUD" name="test_fork_project_sets_lineage" time="0.232" /><testcase classname="backend.tests.test_workflow_iter32.TestBotProjectCRUD" name="test_delete_project" time="0.138"><failure message="assert 404 == 200&#10; +  where 404 = &lt;Response [404]&gt;.status_code">backend/tests/test_workflow_iter32.py:295: in test_delete_project
    assert r.status_code == 200
E   assert 404 == 200
E    +  where 404 = &lt;Response [404]&gt;.status_code</failure></testcase><testcase classname="backend.tests.test_workflow_iter32.TestExchangeListingFork" name="test_fork_listing_clones_into_user_workflows_and_bumps_deploy_count" time="0.708" /><testcase classname="backend.tests.test_workflow_iter32.TestExchangeListingFork" name="test_fork_listing_404_for_unknown" time="0.113" /><testcase classname="backend.tests.test_workflow_iter32.TestWorkflowsTestFilter" name="test_test_prefixed_workflows_excluded_from_list" time="0.525" /><testcase classname="backend.tests.test_workflow_iter32.TestFirewall" name="test_firewall_calculator_safe" time="2.469" /><testcase classname="backend.tests.test_workflow_iter32.TestFirewall" name="test_firewall_instagram_bot_safe" time="1.235" /><testcase classname="backend.tests.test_workflow_iter32.TestFirewall" name="test_firewall_prompt_injection_unsafe" time="0.569" /></testsuite></testsuites>