<?xml version="1.0" encoding="utf-8"?><testsuites name="pytest tests"><testsuite name="pytest" errors="0" failures="0" skipped="0" tests="9" time="6.974" timestamp="2026-06-03T12:45:25.371630+00:00" hostname="agent-env-e1a74972-928b-48c7-ab8d-0a24f5d55f92"><testcase classname="tests.test_iter45_hosting_enforcement" name="test_publish_blocked_without_subscription" time="1.018" /><testcase classname="tests.test_iter45_hosting_enforcement" name="test_publish_succeeds_under_cap_and_increments" time="0.742" /><testcase classname="tests.test_iter45_hosting_enforcement" name="test_publish_blocked_when_cap_hit" time="0.761" /><testcase classname="tests.test_iter45_hosting_enforcement" name="test_delete_published_releases_quota" time="0.382" /><testcase classname="tests.test_iter45_hosting_enforcement" name="test_delist_releases_quota" time="0.500" /><testcase classname="tests.test_iter45_hosting_enforcement" name="test_expire_lapsed_subscriptions_helper" time="0.032" /><testcase classname="tests.test_iter45_hosting_enforcement" name="test_publish_blocked_when_sub_expired" time="0.378" /><testcase classname="tests.test_iter45_hosting_enforcement" name="test_decrement_agents_helper" time="0.031" /><testcase classname="tests.test_iter45_hosting_enforcement" name="test_admin_role_bypasses_quota_but_counter_increments" time="0.757" /></testsuite></testsuites>