<?xml version="1.0" encoding="utf-8"?><testsuites name="pytest tests"><testsuite name="pytest" errors="0" failures="1" skipped="0" tests="27" time="6.790" timestamp="2026-05-27T13:47:36.310088+00:00" hostname="agent-env-e1a74972-928b-48c7-ab8d-0a24f5d55f92"><testcase classname="tests.test_workflow_iter30.TestNodePatchPydantic" name="test_patch_data_not_a_dict_returns_422" time="3.411" /><testcase classname="tests.test_workflow_iter30.TestNodePatchPydantic" name="test_patch_data_string_returns_422" time="0.115" /><testcase classname="tests.test_workflow_iter30.TestNodePatchPydantic" name="test_patch_oversized_payload_returns_422" time="0.149" /><testcase classname="tests.test_workflow_iter30.TestNodePatchPydantic" name="test_patch_valid_data_persists_and_deep_merges" time="0.225" /><testcase classname="tests.test_workflow_iter30.TestNodePatchPydantic" name="test_patch_unknown_node_returns_404" time="0.184" /><testcase classname="tests.test_workflow_iter30.TestNodePatchPydantic" name="test_patch_empty_data_dict_is_ok" time="0.124" /><testcase classname="tests.test_workflow_iter30.TestBYOKProviderInfo" name="test_provider_default_is_local" time="0.059" /><testcase classname="tests.test_workflow_iter30.TestBYOKProviderInfo" name="test_provider_requires_auth" time="0.143" /><testcase classname="tests.test_workflow_iter30.TestGmailExchange" name="test_exchange_without_google_env_returns_500" time="0.054" /><testcase classname="tests.test_workflow_iter30.TestGmailExchange" name="test_exchange_empty_code_returns_422" time="0.052" /><testcase classname="tests.test_workflow_iter30.TestGmailExchange" name="test_exchange_missing_redirect_uri_returns_422" time="0.053" /><testcase classname="tests.test_workflow_iter30.TestGmailExchange" name="test_exchange_requires_auth" time="0.114" /><testcase classname="tests.test_workflow_iter30.TestGmailRefresh" name="test_refresh_without_credential_returns_404" time="0.117" /><testcase classname="tests.test_workflow_iter30.TestGmailRefresh" name="test_refresh_with_credential_but_no_refresh_token_returns_400" time="0.173" /><testcase classname="tests.test_workflow_iter30.TestMarketplaceEmpty" name="test_agents_empty" time="0.124" /><testcase classname="tests.test_workflow_iter30.TestMarketplaceEmpty" name="test_creators_empty" time="0.126" /><testcase classname="tests.test_workflow_iter30.TestMarketplaceEmpty" name="test_db_agents_collection_empty" time="0.003" /><testcase classname="tests.test_workflow_iter30.TestMarketplaceEmpty" name="test_db_creators_collection_empty" time="0.002" /><testcase classname="tests.test_workflow_iter30.TestSingleStartupHook" name="test_backend_err_log_clean" time="0.005" /><testcase classname="tests.test_workflow_iter30.TestSingleStartupHook" name="test_backend_out_log_no_double_seed" time="0.004" /><testcase classname="tests.test_workflow_iter30.TestBYOKRoundTripAfterRefactor" name="test_save_then_list_returns_masked_last4" time="0.174" /><testcase classname="tests.test_workflow_iter30.TestBYOKRoundTripAfterRefactor" name="test_db_row_has_enc_prefix" time="0.189" /><testcase classname="tests.test_workflow_iter30.TestAuthAndStripeRegression" name="test_login_admin" time="0.368" /><testcase classname="tests.test_workflow_iter30.TestAuthAndStripeRegression" name="test_me_endpoint" time="0.057" /><testcase classname="tests.test_workflow_iter30.TestAuthAndStripeRegression" name="test_register_validation" time="0.348"><failure message="AssertionError: {&quot;token&quot;:&quot;eyJhbGciOiJIUzI1NiIsInR5cCI6IkpXVCJ9.eyJzdWIiOiJmNGRlYWE2Ni0xOGNiLTQ0ZDQtOTJjMS0wZTRjN2IxYTQ3MDYiLCJlbWFpbCI6IiIsInJvbGUiOiJ1c2VyIiwiZXhwIjoxNzc5OTc2MDYyLCJpYXQiOjE3Nzk4ODk2NjJ9.8El2eftiFzHntqmoyzBbrO68HMWWPac8cfI0WaEMLmE&quot;,&quot;user&quot;:{&quot;id&quot;:&quot;f4deaa66-18cb-44d4-92c1-0e4c7b1a4706&quot;,&quot;email&quot;:&quot;&quot;,&quot;name&quot;:&quot;&quot;,&quot;role&quot;:&quot;user&quot;,&quot;client_id&quot;:null,&quot;tier&quot;:&quot;free&quot;,&quot;created_at&quot;:&quot;2026-05-27T13:47:42.658168+00:00&quot;}}&#10;assert 400 &lt;= 200&#10; +  where 200 = &lt;Response [200]&gt;.status_code">tests/test_workflow_iter30.py:366: in test_register_validation
    assert 400 &lt;= r.status_code &lt; 500, r.text
E   AssertionError: {"token":"eyJhbGciOiJIUzI1NiIsInR5cCI6IkpXVCJ9.eyJzdWIiOiJmNGRlYWE2Ni0xOGNiLTQ0ZDQtOTJjMS0wZTRjN2IxYTQ3MDYiLCJlbWFpbCI6IiIsInJvbGUiOiJ1c2VyIiwiZXhwIjoxNzc5OTc2MDYyLCJpYXQiOjE3Nzk4ODk2NjJ9.8El2eftiFzHntqmoyzBbrO68HMWWPac8cfI0WaEMLmE","user":{"id":"f4deaa66-18cb-44d4-92c1-0e4c7b1a4706","email":"","name":"","role":"user","client_id":null,"tier":"free","created_at":"2026-05-27T13:47:42.658168+00:00"}}
E   assert 400 &lt;= 200
E    +  where 200 = &lt;Response [200]&gt;.status_code</failure></testcase><testcase classname="tests.test_workflow_iter30.TestAuthAndStripeRegression" name="test_payments_status_unknown_returns_404" time="0.061" /><testcase classname="tests.test_workflow_iter30.TestAuthAndStripeRegression" name="test_webhook_stripe_bad_signature_returns_200_status_error" time="0.109" /></testsuite></testsuites>