<?xml version="1.0" encoding="utf-8"?><testsuites name="pytest tests"><testsuite name="pytest" errors="0" failures="5" skipped="5" tests="24" time="55.645" timestamp="2026-06-04T00:48:38.159859+00:00" hostname="agent-env-e1a74972-928b-48c7-ab8d-0a24f5d55f92"><testcase classname="backend.tests.test_iter56_phase39_regression.TestCreditWallet" name="test_11_fresh_user_balance" time="0.889" /><testcase classname="backend.tests.test_iter56_phase39_regression.TestCreditWallet" name="test_12_credit_deduction_build" time="13.722"><failure message="AssertionError: no build_bot ledger row found&#10;assert None is not None">E   AssertionError: no build_bot ledger row found
    assert None is not None</failure></testcase><testcase classname="backend.tests.test_iter56_phase39_regression.TestCreditWallet" name="test_14_zero_balance_rejection" time="1.596" /><testcase classname="backend.tests.test_iter56_phase39_regression.TestCreditWallet" name="test_15_admin_bypass_owner" time="13.350" /><testcase classname="backend.tests.test_iter56_phase39_regression.TestCreditWallet" name="test_15_admin_bypass_dev" time="0.485" /><testcase classname="backend.tests.test_iter56_phase39_regression.TestCreditWallet" name="test_16_stripe_topup_skipped" time="0.000"><skipped type="pytest.skip" message="1.6 Stripe top-up needs browser to complete 4242 card payment — manual/N/A">/app/backend/tests/test_iter56_phase39_regression.py:221: 1.6 Stripe top-up needs browser to complete 4242 card payment — manual/N/A</skipped></testcase><testcase classname="backend.tests.test_iter56_phase39_regression.TestCreditWallet" name="test_17_concurrent_deduction_race" time="10.846"><failure message="AssertionError: expected ≤1 success, got 2&#10;assert 2 &lt;= 1">E   AssertionError: expected ≤1 success, got 2
    assert 2 &lt;= 1</failure></testcase><testcase classname="backend.tests.test_iter56_phase39_regression.TestPromoCodes" name="test_21_admin_mints_promos" time="0.336" /><testcase classname="backend.tests.test_iter56_phase39_regression.TestPromoCodes" name="test_22_user_redeems_credits_promo" time="1.047"><failure message="assert None is not None">E   assert None is not None</failure></testcase><testcase classname="backend.tests.test_iter56_phase39_regression.TestPromoCodes" name="test_23_one_per_user" time="0.000"><skipped type="pytest.skip" message="2.2 didn't run">/app/backend/tests/test_iter56_phase39_regression.py:312: 2.2 didn't run</skipped></testcase><testcase classname="backend.tests.test_iter56_phase39_regression.TestPromoCodes" name="test_24_disabled_promo" time="0.875" /><testcase classname="backend.tests.test_iter56_phase39_regression.TestPromoCodes" name="test_25_discount_checkout_skipped" time="0.000"><skipped type="pytest.skip" message="2.5 discount-at-checkout needs browser Stripe — manual">/app/backend/tests/test_iter56_phase39_regression.py:339: 2.5 discount-at-checkout needs browser Stripe — manual</skipped></testcase><testcase classname="backend.tests.test_iter56_phase39_regression.TestPromoCodes" name="test_29_cleanup" time="0.001" /><testcase classname="backend.tests.test_iter56_phase39_regression.TestAdminGating" name="test_31_non_admin_403" time="0.466" /><testcase classname="backend.tests.test_iter56_phase39_regression.TestAdminGating" name="test_32_admin_owner" time="0.116" /><testcase classname="backend.tests.test_iter56_phase39_regression.TestAdminGating" name="test_32_admin_dev" time="0.105" /><testcase classname="backend.tests.test_iter56_phase39_regression.TestDeployFlow" name="test_41_free_listing_deploy" time="0.903"><failure message="AssertionError: {&quot;detail&quot;:[{&quot;type&quot;:&quot;missing&quot;,&quot;loc&quot;:[&quot;body&quot;,&quot;mode&quot;],&quot;msg&quot;:&quot;Field required&quot;,&quot;input&quot;:{&quot;listing_id&quot;:&quot;92f501f305cb4d5f922f0f436ab05858&quot;},&quot;url&quot;:&quot;https://errors.pydantic.dev/2.12/v/missing&quot;}]}&#10;assert 422 in (200, 201)&#10; +  where 422 = &lt;Response [422]&gt;.status_code">E   AssertionError: {"detail":[{"type":"missing","loc":["body","mode"],"msg":"Field required","input":{"listing_id":"92f501f305cb4d5f922f0f436ab05858"},"url":"https://errors.pydantic.dev/2.12/v/missing"}]}
    assert 422 in (200, 201)
     +  where 422 = &lt;Response [422]&gt;.status_code</failure></testcase><testcase classname="backend.tests.test_iter56_phase39_regression.TestDeployFlow" name="test_42_43_paid_skipped" time="0.000"><skipped type="pytest.skip" message="4.2/4.3 paid deploy + rent→buy need browser Stripe — manual">/app/backend/tests/test_iter56_phase39_regression.py:393: 4.2/4.3 paid deploy + rent→buy need browser Stripe — manual</skipped></testcase><testcase classname="backend.tests.test_iter56_phase39_regression.TestIntegration" name="test_51_auth_full_cycle" time="0.444"><failure message="AssertionError: login post-register failed for TEST_user_6874ba74@example.com&#10;assert None">E   AssertionError: login post-register failed for TEST_user_6874ba74@example.com
    assert None</failure></testcase><testcase classname="backend.tests.test_iter56_phase39_regression.TestIntegration" name="test_52_exchange_browse" time="0.231" /><testcase classname="backend.tests.test_iter56_phase39_regression.TestIntegration" name="test_54_fork" time="0.250" /><testcase classname="backend.tests.test_iter56_phase39_regression.TestIntegration" name="test_55_vibe_build" time="9.540" /><testcase classname="backend.tests.test_iter56_phase39_regression.TestIntegration" name="test_56_byok" time="0.142"><skipped type="pytest.skip" message="/api/vault/keys not mounted">/app/backend/tests/test_iter56_phase39_regression.py:469: /api/vault/keys not mounted</skipped></testcase><testcase classname="backend.tests.test_iter56_phase39_regression.TestIntegration" name="test_57_execution_engine" time="0.116" /></testsuite></testsuites>