<?xml version="1.0" encoding="utf-8"?><testsuites name="pytest tests"><testsuite name="pytest" errors="0" failures="0" skipped="0" tests="7" time="0.704" timestamp="2026-06-07T10:35:44.105953+00:00" hostname="agent-env-e1a74972-928b-48c7-ab8d-0a24f5d55f92"><testcase classname="tests.test_iter65_redesign_history" name="test_history_empty_by_default" time="0.370" /><testcase classname="tests.test_iter65_redesign_history" name="test_history_returns_newest_first_no_jsx" time="0.036" /><testcase classname="tests.test_iter65_redesign_history" name="test_revert_404_when_unknown_version" time="0.026" /><testcase classname="tests.test_iter65_redesign_history" name="test_revert_restores_old_jsx_and_pushes_current_into_history" time="0.110" /><testcase classname="tests.test_iter65_redesign_history" name="test_revert_requires_auth" time="0.025" /><testcase classname="tests.test_iter65_redesign_history" name="test_history_requires_auth" time="0.024" /><testcase classname="tests.test_iter65_redesign_history" name="test_history_cap_enforced" time="0.040" /></testsuite></testsuites>