<?xml version="1.0" encoding="utf-8"?><testsuites name="pytest tests"><testsuite name="pytest" errors="0" failures="0" skipped="0" tests="11" time="2.918" timestamp="2026-06-02T23:40:17.152791+00:00" hostname="agent-env-e1a74972-928b-48c7-ab8d-0a24f5d55f92"><testcase classname="backend.tests.test_iter35_usage_monitor.TestRegression" name="test_login_ok" time="0.466" /><testcase classname="backend.tests.test_iter35_usage_monitor.TestRegression" name="test_credits_me" time="0.485" /><testcase classname="backend.tests.test_iter35_usage_monitor.TestRegression" name="test_deployments_me" time="0.119" /><testcase classname="backend.tests.test_iter35_usage_monitor.TestRegression" name="test_exchange_listings_public" time="0.129" /><testcase classname="backend.tests.test_iter35_usage_monitor.TestRunPersistence" name="test_run_three_times_and_listed" time="0.609" /><testcase classname="backend.tests.test_iter35_usage_monitor.TestRunPersistence" name="test_runs_pagination_and_cap" time="0.239" /><testcase classname="backend.tests.test_iter35_usage_monitor.TestRunPersistence" name="test_runs_other_deployment_404" time="0.117" /><testcase classname="backend.tests.test_iter35_usage_monitor.TestAnalytics" name="test_analytics_default_30_days" time="0.112" /><testcase classname="backend.tests.test_iter35_usage_monitor.TestAnalytics" name="test_analytics_days_clamping" time="0.491" /><testcase classname="backend.tests.test_iter35_usage_monitor.TestAnalytics" name="test_analytics_non_owner_404" time="0.109" /><testcase classname="backend.tests.test_iter35_usage_monitor.TestAnalytics" name="test_percentile_calculation_logic" time="0.000" /></testsuite></testsuites>