<?xml version="1.0" encoding="utf-8"?><testsuites name="pytest tests"><testsuite name="pytest" errors="0" failures="1" skipped="2" tests="18" time="186.984" timestamp="2026-06-03T10:16:40.143909+00:00" hostname="agent-env-e1a74972-928b-48c7-ab8d-0a24f5d55f92"><testcase classname="backend.tests.test_iter39_vibe_coding.TestVibeModels" name="test_models_list_shape" time="0.652" /><testcase classname="backend.tests.test_iter39_vibe_coding.TestVibeModels" name="test_models_user_no_keys" time="0.767" /><testcase classname="backend.tests.test_iter39_vibe_coding.TestGates" name="test_model_validation" time="0.055" /><testcase classname="backend.tests.test_iter39_vibe_coding.TestGates" name="test_byok_gate_openai" time="0.051" /><testcase classname="backend.tests.test_iter39_vibe_coding.TestGates" name="test_byok_gate_anthropic" time="0.050" /><testcase classname="backend.tests.test_iter39_vibe_coding.TestGates" name="test_credit_gate" time="0.713" /><testcase classname="backend.tests.test_iter39_vibe_coding.TestChatFlow" name="test_chat_creates_session" time="7.064" /><testcase classname="backend.tests.test_iter39_vibe_coding.TestChatFlow" name="test_wallet_debited" time="0.001" /><testcase classname="backend.tests.test_iter39_vibe_coding.TestChatFlow" name="test_chat_continuation_appends" time="5.709" /><testcase classname="backend.tests.test_iter39_vibe_coding.TestChatFlow" name="test_sessions_list" time="0.074" /><testcase classname="backend.tests.test_iter39_vibe_coding.TestChatFlow" name="test_session_detail" time="0.055" /><testcase classname="backend.tests.test_iter39_vibe_coding.TestChatFlow" name="test_cross_user_isolation" time="0.778" /><testcase classname="backend.tests.test_iter39_vibe_coding.TestGenerate" name="test_generate_returns_files_nodes" time="126.213"><failure message="Failed: generate failed after retries: The preview environment is not responding. It may be starting up.">backend/tests/test_iter39_vibe_coding.py:277: in test_generate_returns_files_nodes
    pytest.fail(f"generate failed after retries: {last_err}")
E   Failed: generate failed after retries: The preview environment is not responding. It may be starting up.</failure></testcase><testcase classname="backend.tests.test_iter39_vibe_coding.TestGenerate" name="test_project_persisted_in_bot_projects" time="0.000"><skipped type="pytest.skip" message="generate test didn't run">/app/backend/tests/test_iter39_vibe_coding.py:304: generate test didn't run</skipped></testcase><testcase classname="backend.tests.test_iter39_vibe_coding.TestGenerate" name="test_session_links_project_id" time="0.000"><skipped type="pytest.skip" message="prior generate test didn't run">/app/backend/tests/test_iter39_vibe_coding.py:321: prior generate test didn't run</skipped></testcase><testcase classname="backend.tests.test_iter39_vibe_coding.TestSessionDelete" name="test_delete_own_session" time="16.943" /><testcase classname="backend.tests.test_iter39_vibe_coding.TestSessionDelete" name="test_delete_nonexistent" time="0.055" /><testcase classname="backend.tests.test_iter39_vibe_coding.TestRegression" name="test_existing_build_bot_endpoint" time="27.588" /></testsuite></testsuites>