<?xml version="1.0" encoding="utf-8"?><testsuites name="pytest tests"><testsuite name="pytest" errors="0" failures="0" skipped="0" tests="10" time="25.762" timestamp="2026-06-03T11:33:02.970794+00:00" hostname="agent-env-e1a74972-928b-48c7-ab8d-0a24f5d55f92"><testcase classname="backend.tests.test_iter43_p7_part2_runtime" name="test_install_status_before_install" time="0.786" /><testcase classname="backend.tests.test_iter43_p7_part2_runtime" name="test_run_before_install_409" time="0.407" /><testcase classname="backend.tests.test_iter43_p7_part2_runtime" name="test_install_and_run_no_deps" time="3.178" /><testcase classname="backend.tests.test_iter43_p7_part2_runtime" name="test_install_idempotent" time="2.979" /><testcase classname="backend.tests.test_iter43_p7_part2_runtime" name="test_run_timeout_kills_subprocess" time="5.032" /><testcase classname="backend.tests.test_iter43_p7_part2_runtime" name="test_run_with_async_entry" time="3.036" /><testcase classname="backend.tests.test_iter43_p7_part2_runtime" name="test_run_with_multi_file_imports" time="3.029" /><testcase classname="backend.tests.test_iter43_p7_part2_runtime" name="test_run_with_allowed_dependency" time="4.006" /><testcase classname="backend.tests.test_iter43_p7_part2_runtime" name="test_delete_removes_disk_artifacts" time="2.862" /><testcase classname="backend.tests.test_iter43_p7_part2_runtime" name="test_unknown_package_404" time="0.424" /></testsuite></testsuites>