<?xml version="1.0" encoding="utf-8"?><testsuites name="pytest tests"><testsuite name="pytest" errors="0" failures="0" skipped="0" tests="12" time="23.884" timestamp="2026-06-03T10:53:55.560841+00:00" hostname="agent-env-e1a74972-928b-48c7-ab8d-0a24f5d55f92"><testcase classname="backend.tests.test_iter41_recommend_model.TestRecommendBasic" name="test_complex_prompt_returns_recommendation" time="4.968" /><testcase classname="backend.tests.test_iter41_recommend_model.TestRecommendBasic" name="test_simple_prompt_returns_recommendation" time="2.770" /><testcase classname="backend.tests.test_iter41_recommend_model.TestValidation" name="test_short_prompt_rejected_422" time="0.052" /><testcase classname="backend.tests.test_iter41_recommend_model.TestValidation" name="test_long_prompt_rejected_422" time="0.048" /><testcase classname="backend.tests.test_iter41_recommend_model.TestCreditGate" name="test_zero_credit_user_gets_402" time="0.763" /><testcase classname="backend.tests.test_iter41_recommend_model.TestCreditGate" name="test_admin_bypass_no_real_debit" time="1.902" /><testcase classname="backend.tests.test_iter41_recommend_model.TestCreditTxn" name="test_paying_user_debited_one_and_txn_logged" time="3.514" /><testcase classname="backend.tests.test_iter41_recommend_model.TestCommonPromptsSanity" name="test_simple_text_transform" time="2.157" /><testcase classname="backend.tests.test_iter41_recommend_model.TestCommonPromptsSanity" name="test_complex_research_bot" time="4.003" /><testcase classname="backend.tests.test_iter41_recommend_model.TestCommonPromptsSanity" name="test_classification_short_text" time="2.475" /><testcase classname="backend.tests.test_iter41_recommend_model.TestRegressionVibe" name="test_models_endpoint_six_available" time="0.054" /><testcase classname="backend.tests.test_iter41_recommend_model.TestRegressionVibe" name="test_vibe_chat_still_works_default_model" time="1.010" /></testsuite></testsuites>