<?xml version="1.0" encoding="utf-8"?><testsuites name="pytest tests"><testsuite name="pytest" errors="0" failures="0" skipped="0" tests="39" time="50.548" timestamp="2026-06-03T12:23:12.215582+00:00" hostname="agent-env-e1a74972-928b-48c7-ab8d-0a24f5d55f92"><testcase classname="backend.tests.test_iter43_p7_part2_runtime" name="test_install_status_before_install" time="0.698" /><testcase classname="backend.tests.test_iter43_p7_part2_runtime" name="test_run_before_install_409" time="0.351" /><testcase classname="backend.tests.test_iter43_p7_part2_runtime" name="test_install_and_run_no_deps" time="3.130" /><testcase classname="backend.tests.test_iter43_p7_part2_runtime" name="test_install_idempotent" time="2.911" /><testcase classname="backend.tests.test_iter43_p7_part2_runtime" name="test_run_timeout_kills_subprocess" time="4.977" /><testcase classname="backend.tests.test_iter43_p7_part2_runtime" name="test_run_with_async_entry" time="3.055" /><testcase classname="backend.tests.test_iter43_p7_part2_runtime" name="test_run_with_multi_file_imports" time="3.008" /><testcase classname="backend.tests.test_iter43_p7_part2_runtime" name="test_run_with_allowed_dependency" time="3.750" /><testcase classname="backend.tests.test_iter43_p7_part2_runtime" name="test_delete_removes_disk_artifacts" time="2.733" /><testcase classname="backend.tests.test_iter43_p7_part2_runtime" name="test_unknown_package_404" time="0.451" /><testcase classname="backend.tests.test_iter42_p7_webhooks_onboarding.TestWhitelist" name="test_public_whitelist" time="0.101" /><testcase classname="backend.tests.test_iter42_p7_webhooks_onboarding.TestExternalAgentUpload" name="test_valid_upload" time="0.445" /><testcase classname="backend.tests.test_iter42_p7_webhooks_onboarding.TestExternalAgentUpload" name="test_corrupt_zip_rejected" time="0.104" /><testcase classname="backend.tests.test_iter42_p7_webhooks_onboarding.TestExternalAgentUpload" name="test_missing_manifest_rejected" time="0.127" /><testcase classname="backend.tests.test_iter42_p7_webhooks_onboarding.TestExternalAgentUpload" name="test_manifest_missing_field" time="0.107" /><testcase classname="backend.tests.test_iter42_p7_webhooks_onboarding.TestExternalAgentUpload" name="test_disallowed_packages" time="0.104" /><testcase classname="backend.tests.test_iter42_p7_webhooks_onboarding.TestExternalAgentUpload" name="test_ast_banned_import_subprocess" time="0.120" /><testcase classname="backend.tests.test_iter42_p7_webhooks_onboarding.TestExternalAgentUpload" name="test_ast_banned_socket" time="19.563" /><testcase classname="backend.tests.test_iter42_p7_webhooks_onboarding.TestExternalAgentUpload" name="test_ast_from_os_system" time="0.139" /><testcase classname="backend.tests.test_iter42_p7_webhooks_onboarding.TestExternalAgentUpload" name="test_ast_eval_call" time="0.144" /><testcase classname="backend.tests.test_iter42_p7_webhooks_onboarding.TestExternalAgentUpload" name="test_ast_subclasses" time="0.109" /><testcase classname="backend.tests.test_iter42_p7_webhooks_onboarding.TestExternalAgentUpload" name="test_entry_function_missing" time="0.116" /><testcase classname="backend.tests.test_iter42_p7_webhooks_onboarding.TestPackageStorage" name="test_list_includes_uploaded" time="0.108" /><testcase classname="backend.tests.test_iter42_p7_webhooks_onboarding.TestPackageStorage" name="test_get_one_package" time="0.123" /><testcase classname="backend.tests.test_iter42_p7_webhooks_onboarding.TestPackageStorage" name="test_cross_user_404" time="0.464" /><testcase classname="backend.tests.test_iter42_p7_webhooks_onboarding.TestPackageStorage" name="test_delete_package" time="0.215" /><testcase classname="backend.tests.test_iter42_p7_webhooks_onboarding.TestOnboarding" name="test_onboarding_state_endpoint_works" time="0.101" /><testcase classname="backend.tests.test_iter42_p7_webhooks_onboarding.TestOnboarding" name="test_complete_onboarding" time="0.225" /><testcase classname="backend.tests.test_iter42_p7_webhooks_onboarding.TestWebhookInfo" name="test_get_webhook_info" time="0.106" /><testcase classname="backend.tests.test_iter42_p7_webhooks_onboarding.TestWebhookInfo" name="test_cross_user_404" time="0.113" /><testcase classname="backend.tests.test_iter42_p7_webhooks_onboarding.TestWebhookFire" name="test_fire_with_correct_key" time="0.197" /><testcase classname="backend.tests.test_iter42_p7_webhooks_onboarding.TestWebhookFire" name="test_fire_no_key" time="0.184" /><testcase classname="backend.tests.test_iter42_p7_webhooks_onboarding.TestWebhookFire" name="test_fire_wrong_key" time="0.121" /><testcase classname="backend.tests.test_iter42_p7_webhooks_onboarding.TestWebhookFire" name="test_fire_unknown_deployment" time="0.103" /><testcase classname="backend.tests.test_iter42_p7_webhooks_onboarding.TestWebhookFire" name="test_hmac_correct" time="0.210" /><testcase classname="backend.tests.test_iter42_p7_webhooks_onboarding.TestWebhookFire" name="test_hmac_wrong" time="0.137" /><testcase classname="backend.tests.test_iter42_p7_webhooks_onboarding.TestWebhookEvents" name="test_event_persisted" time="1.119" /><testcase classname="backend.tests.test_iter42_p7_webhooks_onboarding.TestWebhookRotate" name="test_rotate_invalidates_old_key" time="0.541" /><testcase classname="backend.tests.test_iter42_p7_webhooks_onboarding.TestRealRuntime" name="test_run_real_executes_main_py" time="0.199" /></testsuite></testsuites>