<?xml version="1.0" encoding="utf-8"?><testsuites name="pytest tests"><testsuite name="pytest" errors="0" failures="1" skipped="0" tests="29" time="14.912" timestamp="2026-05-27T15:36:39.289443+00:00" hostname="agent-env-e1a74972-928b-48c7-ab8d-0a24f5d55f92"><testcase classname="tests.test_workflow_iter31.TestExchangePublish" name="test_publish_listing_creates_draft" time="0.735" /><testcase classname="tests.test_workflow_iter31.TestExchangePublish" name="test_publish_404_for_unknown_workflow" time="0.120" /><testcase classname="tests.test_workflow_iter31.TestExchangePublish" name="test_validation_name_too_short" time="0.312" /><testcase classname="tests.test_workflow_iter31.TestExchangePublish" name="test_validation_description_too_short" time="0.279" /><testcase classname="tests.test_workflow_iter31.TestExchangePublish" name="test_validation_rent_price_negative" time="0.316" /><testcase classname="tests.test_workflow_iter31.TestExchangePublish" name="test_validation_buy_price_over_max" time="0.269" /><testcase classname="tests.test_workflow_iter31.TestExchangePublic" name="test_listings_public_no_auth" time="0.113" /><testcase classname="tests.test_workflow_iter31.TestExchangePublic" name="test_get_single_listing_public" time="0.466" /><testcase classname="tests.test_workflow_iter31.TestExchangePublic" name="test_get_unknown_listing_404" time="0.142" /><testcase classname="tests.test_workflow_iter31.TestExchangePublic" name="test_category_and_search_filters" time="0.575" /><testcase classname="tests.test_workflow_iter31.TestExchangeMutations" name="test_update_own_listing" time="0.368" /><testcase classname="tests.test_workflow_iter31.TestExchangeMutations" name="test_delete_other_user_listing_returns_404" time="0.681" /><testcase classname="tests.test_workflow_iter31.TestExchangeMutations" name="test_delete_own_listing" time="0.463" /><testcase classname="tests.test_workflow_iter31.TestExchangeUploads" name="test_video_upload_accepts_mp4_and_sets_url_and_promotes" time="0.584" /><testcase classname="tests.test_workflow_iter31.TestExchangeUploads" name="test_video_reject_unsupported_mime" time="0.324" /><testcase classname="tests.test_workflow_iter31.TestExchangeUploads" name="test_photo_accepts_jpg_png_webp" time="0.587" /><testcase classname="tests.test_workflow_iter31.TestExchangeUploads" name="test_photo_6th_rejected" time="0.966" /><testcase classname="tests.test_workflow_iter31.TestExchangeUploads" name="test_delete_media_by_url_and_unknown_404" time="0.614" /><testcase classname="tests.test_workflow_iter31.TestMyListings" name="test_my_listings_includes_drafts_and_published" time="0.689" /><testcase classname="tests.test_workflow_iter31.TestGmailOAuthExtraction" name="test_exchange_validation_422" time="0.118" /><testcase classname="tests.test_workflow_iter31.TestGmailOAuthExtraction" name="test_refresh_returns_404_when_no_cred" time="0.113" /><testcase classname="tests.test_workflow_iter31.TestOverwatchWebSocket" name="test_no_token_rejected" time="0.178" /><testcase classname="tests.test_workflow_iter31.TestOverwatchWebSocket" name="test_non_admin_rejected" time="0.148" /><testcase classname="tests.test_workflow_iter31.TestOverwatchWebSocket" name="test_admin_connect_and_receive" time="0.215" /><testcase classname="tests.test_workflow_iter31.TestRegressionPatch" name="test_patch_node_bad_data_422" time="0.275" /><testcase classname="tests.test_workflow_iter31.TestRegressionBYOK" name="test_byok_roundtrip_via_credentials" time="0.117"><failure message="AssertionError: {&quot;detail&quot;:[{&quot;type&quot;:&quot;literal_error&quot;,&quot;loc&quot;:[&quot;body&quot;,&quot;service&quot;],&quot;msg&quot;:&quot;Input should be 'slack', 'sendgrid' or 'gmail'&quot;,&quot;input&quot;:&quot;openai&quot;,&quot;ctx&quot;:{&quot;expected&quot;:&quot;'slack', 'sendgrid' or 'gmail'&quot;},&quot;url&quot;:&quot;https://errors.pydantic.dev/2.12/v/literal_error&quot;}]}&#10;assert 422 == 200&#10; +  where 422 = &lt;Response [422]&gt;.status_code">tests/test_workflow_iter31.py:450: in test_byok_roundtrip_via_credentials
    assert r.status_code == 200, r.text
E   AssertionError: {"detail":[{"type":"literal_error","loc":["body","service"],"msg":"Input should be 'slack', 'sendgrid' or 'gmail'","input":"openai","ctx":{"expected":"'slack', 'sendgrid' or 'gmail'"},"url":"https://errors.pydantic.dev/2.12/v/literal_error"}]}
E   assert 422 == 200
E    +  where 422 = &lt;Response [422]&gt;.status_code</failure></testcase><testcase classname="tests.test_workflow_iter31.TestZRateLimit" name="test_login_429_after_burst" time="1.150" /><testcase classname="tests.test_workflow_iter31.TestZRateLimit" name="test_register_429_after_burst" time="1.793" /><testcase classname="tests.test_workflow_iter31.TestZRateLimit" name="test_forgot_password_429_after_burst" time="2.111" /></testsuite></testsuites>