<?xml version="1.0" encoding="utf-8"?><testsuites name="pytest tests"><testsuite name="pytest" errors="0" failures="1" skipped="0" tests="12" time="25.519" timestamp="2026-06-03T10:37:21.199880+00:00" hostname="agent-env-e1a74972-928b-48c7-ab8d-0a24f5d55f92"><testcase classname="backend.tests.test_iter40_platform_keys_byok.TestModels" name="test_all_six_available_no_byok_gate" time="0.495" /><testcase classname="backend.tests.test_iter40_platform_keys_byok.TestModels" name="test_using_byok_false_without_keys" time="0.717" /><testcase classname="backend.tests.test_iter40_platform_keys_byok.TestPlatformChat" name="test_chat_platform_each_model[gemini-2.5-flash]" time="1.211" /><testcase classname="backend.tests.test_iter40_platform_keys_byok.TestPlatformChat" name="test_chat_platform_each_model[gemini-2.5-pro]" time="2.146" /><testcase classname="backend.tests.test_iter40_platform_keys_byok.TestPlatformChat" name="test_chat_platform_each_model[gpt-4o]" time="0.849" /><testcase classname="backend.tests.test_iter40_platform_keys_byok.TestPlatformChat" name="test_chat_platform_each_model[gpt-4o-mini]" time="0.551" /><testcase classname="backend.tests.test_iter40_platform_keys_byok.TestPlatformChat" name="test_chat_platform_each_model[claude-sonnet]" time="1.924" /><testcase classname="backend.tests.test_iter40_platform_keys_byok.TestPlatformChat" name="test_chat_platform_each_model[claude-haiku]" time="0.563" /><testcase classname="backend.tests.test_iter40_platform_keys_byok.TestBYOKOverride" name="test_save_openai_byok_and_route" time="0.518" /><testcase classname="backend.tests.test_iter40_platform_keys_byok.TestBYOKOverride" name="test_corrupted_byok_falls_back_to_platform" time="0.237"><failure message="AssertionError: fallback failed: {&quot;detail&quot;:&quot;LLM call failed: Failed to generate chat completion: litellm.AuthenticationError: AuthenticationError: OpenAIException - Incorrect API key provided: NOT-A-VA*****************-ALL. You can f&#10;assert 502 == 200&#10; +  where 502 = &lt;Response [502]&gt;.status_code">backend/tests/test_iter40_platform_keys_byok.py:180: in test_corrupted_byok_falls_back_to_platform
    assert r.status_code == 200, f"fallback failed: {r.text[:200]}"
E   AssertionError: fallback failed: {"detail":"LLM call failed: Failed to generate chat completion: litellm.AuthenticationError: AuthenticationError: OpenAIException - Incorrect API key provided: NOT-A-VA*****************-ALL. You can f
E   assert 502 == 200
E    +  where 502 = &lt;Response [502]&gt;.status_code</failure></testcase><testcase classname="backend.tests.test_iter40_platform_keys_byok.TestAdminCreditBypass" name="test_admin_chat_no_real_debit" time="1.100" /><testcase classname="backend.tests.test_iter40_platform_keys_byok.TestRegression" name="test_armory_build_bot_route_exists" time="15.014" /></testsuite></testsuites>