<?xml version="1.0" encoding="utf-8"?><testsuites name="pytest tests"><testsuite name="pytest" errors="0" failures="0" skipped="0" tests="16" time="12.115" timestamp="2026-06-03T13:59:38.856560+00:00" hostname="agent-env-e1a74972-928b-48c7-ab8d-0a24f5d55f92"><testcase classname="backend.tests.test_iter46_bounties" name="test_create_bounty_escrows_credits" time="0.999" /><testcase classname="backend.tests.test_iter46_bounties" name="test_create_bounty_402_when_broke" time="0.125" /><testcase classname="backend.tests.test_iter46_bounties" name="test_validation_min_reward_and_deadline" time="0.441" /><testcase classname="backend.tests.test_iter46_bounties" name="test_list_bounties_and_stats" time="0.900" /><testcase classname="backend.tests.test_iter46_bounties" name="test_get_single_bounty" time="0.358" /><testcase classname="backend.tests.test_iter46_bounties" name="test_cannot_submit_to_own_bounty" time="0.262" /><testcase classname="backend.tests.test_iter46_bounties" name="test_submit_and_award_lifecycle" time="0.977" /><testcase classname="backend.tests.test_iter46_bounties" name="test_submissions_visibility_for_non_poster" time="0.811" /><testcase classname="backend.tests.test_iter46_bounties" name="test_cancel_bounty_refunds_when_no_submissions" time="0.486" /><testcase classname="backend.tests.test_iter46_bounties" name="test_cancel_blocked_when_submissions_exist" time="0.577" /><testcase classname="backend.tests.test_iter46_bounties" name="test_my_posted_and_my_submissions" time="0.733" /><testcase classname="backend.tests.test_iter46_bounties" name="test_update_bounty_locks_description_after_first_submission" time="0.799" /><testcase classname="backend.tests.test_iter46_bounties" name="test_max_submissions_cap_enforced" time="0.831" /><testcase classname="backend.tests.test_iter46_bounties" name="test_janitor_expires_lapsed_bounties_and_refunds" time="0.422" /><testcase classname="backend.tests.test_iter46_bounties" name="test_submitting_someone_elses_agent_returns_403" time="0.502" /><testcase classname="backend.tests.test_iter46_bounties" name="test_cleanup" time="0.009" /></testsuite></testsuites>