<?xml version="1.0" encoding="utf-8"?><testsuites name="pytest tests"><testsuite name="pytest" errors="0" failures="0" skipped="0" tests="10" time="1.709" timestamp="2026-06-03T09:14:20.542164+00:00" hostname="agent-env-e1a74972-928b-48c7-ab8d-0a24f5d55f92"><testcase classname="backend.tests.test_iter36_waitlist_sitelock.TestWaitlistCount" name="test_count_returns_integer" time="0.215" /><testcase classname="backend.tests.test_iter36_waitlist_sitelock.TestWaitlistJoin" name="test_join_new_email_creates_record" time="0.144" /><testcase classname="backend.tests.test_iter36_waitlist_sitelock.TestWaitlistJoin" name="test_join_same_email_is_idempotent" time="0.186" /><testcase classname="backend.tests.test_iter36_waitlist_sitelock.TestWaitlistJoin" name="test_invalid_email_payload_rejected" time="0.045" /><testcase classname="backend.tests.test_iter36_waitlist_sitelock.TestWaitlistAdminList" name="test_unauth_get_waitlist_returns_403_or_401" time="0.045" /><testcase classname="backend.tests.test_iter36_waitlist_sitelock.TestWaitlistAdminList" name="test_non_admin_get_waitlist_403" time="0.353" /><testcase classname="backend.tests.test_iter36_waitlist_sitelock.TestWaitlistAdminList" name="test_admin_get_waitlist_returns_list" time="0.317" /><testcase classname="backend.tests.test_iter36_waitlist_sitelock.TestRegression" name="test_admin_login_works" time="0.272" /><testcase classname="backend.tests.test_iter36_waitlist_sitelock.TestRegression" name="test_credits_me_admin" time="0.049" /><testcase classname="backend.tests.test_iter36_waitlist_sitelock.TestRegression" name="test_auth_me_admin" time="0.046" /></testsuite></testsuites>