<?xml version="1.0" encoding="utf-8"?><testsuites name="pytest tests"><testsuite name="pytest" errors="0" failures="0" skipped="0" tests="29" time="5.981" timestamp="2026-06-03T11:33:33.238110+00:00" hostname="agent-env-e1a74972-928b-48c7-ab8d-0a24f5d55f92"><testcase classname="backend.tests.test_iter42_p7_webhooks_onboarding.TestWhitelist" name="test_public_whitelist" time="0.190" /><testcase classname="backend.tests.test_iter42_p7_webhooks_onboarding.TestExternalAgentUpload" name="test_valid_upload" time="0.443" /><testcase classname="backend.tests.test_iter42_p7_webhooks_onboarding.TestExternalAgentUpload" name="test_corrupt_zip_rejected" time="0.108" /><testcase classname="backend.tests.test_iter42_p7_webhooks_onboarding.TestExternalAgentUpload" name="test_missing_manifest_rejected" time="0.103" /><testcase classname="backend.tests.test_iter42_p7_webhooks_onboarding.TestExternalAgentUpload" name="test_manifest_missing_field" time="0.108" /><testcase classname="backend.tests.test_iter42_p7_webhooks_onboarding.TestExternalAgentUpload" name="test_disallowed_packages" time="0.111" /><testcase classname="backend.tests.test_iter42_p7_webhooks_onboarding.TestExternalAgentUpload" name="test_ast_banned_import_subprocess" time="0.115" /><testcase classname="backend.tests.test_iter42_p7_webhooks_onboarding.TestExternalAgentUpload" name="test_ast_banned_socket" time="0.105" /><testcase classname="backend.tests.test_iter42_p7_webhooks_onboarding.TestExternalAgentUpload" name="test_ast_from_os_system" time="0.101" /><testcase classname="backend.tests.test_iter42_p7_webhooks_onboarding.TestExternalAgentUpload" name="test_ast_eval_call" time="0.127" /><testcase classname="backend.tests.test_iter42_p7_webhooks_onboarding.TestExternalAgentUpload" name="test_ast_subclasses" time="0.107" /><testcase classname="backend.tests.test_iter42_p7_webhooks_onboarding.TestExternalAgentUpload" name="test_entry_function_missing" time="0.107" /><testcase classname="backend.tests.test_iter42_p7_webhooks_onboarding.TestPackageStorage" name="test_list_includes_uploaded" time="0.109" /><testcase classname="backend.tests.test_iter42_p7_webhooks_onboarding.TestPackageStorage" name="test_get_one_package" time="0.126" /><testcase classname="backend.tests.test_iter42_p7_webhooks_onboarding.TestPackageStorage" name="test_cross_user_404" time="0.547" /><testcase classname="backend.tests.test_iter42_p7_webhooks_onboarding.TestPackageStorage" name="test_delete_package" time="0.211" /><testcase classname="backend.tests.test_iter42_p7_webhooks_onboarding.TestOnboarding" name="test_onboarding_state_endpoint_works" time="0.109" /><testcase classname="backend.tests.test_iter42_p7_webhooks_onboarding.TestOnboarding" name="test_complete_onboarding" time="0.208" /><testcase classname="backend.tests.test_iter42_p7_webhooks_onboarding.TestWebhookInfo" name="test_get_webhook_info" time="0.109" /><testcase classname="backend.tests.test_iter42_p7_webhooks_onboarding.TestWebhookInfo" name="test_cross_user_404" time="0.111" /><testcase classname="backend.tests.test_iter42_p7_webhooks_onboarding.TestWebhookFire" name="test_fire_with_correct_key" time="0.206" /><testcase classname="backend.tests.test_iter42_p7_webhooks_onboarding.TestWebhookFire" name="test_fire_no_key" time="0.097" /><testcase classname="backend.tests.test_iter42_p7_webhooks_onboarding.TestWebhookFire" name="test_fire_wrong_key" time="0.117" /><testcase classname="backend.tests.test_iter42_p7_webhooks_onboarding.TestWebhookFire" name="test_fire_unknown_deployment" time="0.101" /><testcase classname="backend.tests.test_iter42_p7_webhooks_onboarding.TestWebhookFire" name="test_hmac_correct" time="0.183" /><testcase classname="backend.tests.test_iter42_p7_webhooks_onboarding.TestWebhookFire" name="test_hmac_wrong" time="0.111" /><testcase classname="backend.tests.test_iter42_p7_webhooks_onboarding.TestWebhookEvents" name="test_event_persisted" time="1.151" /><testcase classname="backend.tests.test_iter42_p7_webhooks_onboarding.TestWebhookRotate" name="test_rotate_invalidates_old_key" time="0.520" /><testcase classname="backend.tests.test_iter42_p7_webhooks_onboarding.TestRealRuntime" name="test_run_real_executes_main_py" time="0.204" /></testsuite></testsuites>