<?xml version="1.0" encoding="utf-8"?><testsuites name="pytest tests"><testsuite name="pytest" errors="0" failures="0" skipped="2" tests="16" time="75.757" timestamp="2026-06-05T12:28:18.796181+00:00" hostname="agent-env-e1a74972-928b-48c7-ab8d-0a24f5d55f92"><testcase classname="backend.tests.test_iter60_credit_smoothing" name="test_admin_login_works" time="0.476" /><testcase classname="backend.tests.test_iter60_credit_smoothing" name="test_vibe_chat_response_is_scrubbed" time="0.856" /><testcase classname="backend.tests.test_iter60_credit_smoothing" name="test_recommend_model_response_is_scrubbed" time="10.374" /><testcase classname="backend.tests.test_iter60_credit_smoothing" name="test_vibe_generate_response_is_scrubbed" time="21.982"><skipped type="pytest.skip" message="/vibe/generate 500 (Celery/Redis broker down in this env): {&quot;error&quot;:&quot;INTERNAL_ERROR&quot;,&quot;message&quot;:&quot;Something went wrong. Please try again.&quot;}">/app/backend/tests/test_iter60_credit_smoothing.py:93: /vibe/generate 500 (Celery/Redis broker down in this env): {"error":"INTERNAL_ERROR","message":"Something went wrong. Please try again."}</skipped></testcase><testcase classname="backend.tests.test_iter60_credit_smoothing" name="test_armory_build_bot_response_is_scrubbed" time="38.622" /><testcase classname="backend.tests.test_iter60_credit_smoothing" name="test_credits_me_no_action_costs" time="0.259" /><testcase classname="backend.tests.test_iter60_credit_smoothing" name="test_chat_transaction_metadata_retained" time="1.249" /><testcase classname="backend.tests.test_iter60_credit_smoothing" name="test_settings_get_shape" time="0.121" /><testcase classname="backend.tests.test_iter60_credit_smoothing" name="test_settings_requires_auth" time="0.113" /><testcase classname="backend.tests.test_iter60_credit_smoothing" name="test_payout_preference_toggle" time="0.435" /><testcase classname="backend.tests.test_iter60_credit_smoothing" name="test_payout_preference_invalid_value" time="0.111" /><testcase classname="backend.tests.test_iter60_credit_smoothing" name="test_earnings_endpoint_shape" time="0.108" /><testcase classname="backend.tests.test_iter60_credit_smoothing" name="test_cashback_summary_shape" time="0.106" /><testcase classname="backend.tests.test_iter60_credit_smoothing" name="test_payouts_lib_30pct_credit_bonus_logic" time="0.001" /><testcase classname="backend.tests.test_iter60_credit_smoothing" name="test_bounty_credit_award_includes_30pct_bonus" time="0.781"><skipped type="pytest.skip" message="bounty submit unsupported: 422 {&quot;detail&quot;:[{&quot;type&quot;:&quot;missing&quot;,&quot;loc&quot;:[&quot;body&quot;,&quot;agent_source&quot;],&quot;msg&quot;:&quot;Field required&quot;,&quot;input&quot;:{&quot;source_id&quot;:&quot;de181783f5294fe6&quot;,&quot;pitch&quot;:&quot;TEST iter60 submission pitch with adequate length to pass validation&quot;">/app/backend/tests/test_iter60_credit_smoothing.py:307: bounty submit unsupported: 422 {"detail":[{"type":"missing","loc":["body","agent_source"],"msg":"Field required","input":{"source_id":"de181783f5294fe6","pitch":"TEST iter60 submission pitch with adequate length to pass validation"</skipped></testcase><testcase classname="backend.tests.test_iter60_credit_smoothing" name="test_pricing_page_html_no_per_action_costs" time="0.111" /></testsuite></testsuites>