<?xml version="1.0" encoding="utf-8"?><testsuites name="pytest tests"><testsuite name="pytest" errors="0" failures="1" skipped="0" tests="11" time="5.321" timestamp="2026-06-03T09:54:26.420246+00:00" hostname="agent-env-e1a74972-928b-48c7-ab8d-0a24f5d55f92"><testcase classname="backend.tests.test_iter38_antiabuse_signup.TestSignupBonus" name="test_register_grants_50_bonus_and_tracks_ip" time="0.585" /><testcase classname="backend.tests.test_iter38_antiabuse_signup.TestSignupBonus" name="test_login_updates_last_login_ip" time="0.692" /><testcase classname="backend.tests.test_iter38_antiabuse_signup.TestAntiAbuseCap" name="test_4th_register_from_same_ip_returns_429" time="0.106" /><testcase classname="backend.tests.test_iter38_antiabuse_signup.TestAntiAbuseCap" name="test_cap_resets_after_24h_window" time="0.342" /><testcase classname="backend.tests.test_iter38_antiabuse_signup.TestAdminOverwatch" name="test_list_requires_admin" time="0.679" /><testcase classname="backend.tests.test_iter38_antiabuse_signup.TestAdminOverwatch" name="test_admin_lists_ip_groups" time="0.535" /><testcase classname="backend.tests.test_iter38_antiabuse_signup.TestAdminOverwatch" name="test_flag_unflag_ban_unban" time="1.158" /><testcase classname="backend.tests.test_iter38_antiabuse_signup.TestActionCosts" name="test_action_costs_in_credits_me" time="0.428" /><testcase classname="backend.tests.test_iter38_antiabuse_signup.TestIndexes" name="test_users_collection_has_ip_indexes" time="0.001"><failure message="AssertionError: ['_id', 'email', 'id']&#10;assert 'registration_ip' in ['_id', 'email', 'id']">backend/tests/test_iter38_antiabuse_signup.py:357: in test_users_collection_has_ip_indexes
    assert "registration_ip" in keys, keys
E   AssertionError: ['_id', 'email', 'id']
E   assert 'registration_ip' in ['_id', 'email', 'id']</failure></testcase><testcase classname="backend.tests.test_iter38_antiabuse_signup.TestAuthRegression" name="test_admin_login_and_me" time="0.463" /><testcase classname="backend.tests.test_iter38_antiabuse_signup.TestAuthRegression" name="test_forgot_password_still_works" time="0.133" /></testsuite></testsuites>