<?xml version="1.0" encoding="utf-8"?><testsuites name="pytest tests"><testsuite name="pytest" errors="0" failures="0" skipped="0" tests="2" time="1.353" timestamp="2026-06-03T12:25:22.778027+00:00" hostname="agent-env-e1a74972-928b-48c7-ab8d-0a24f5d55f92"><testcase classname="backend.tests.test_iter44_promo_regression" name="test_promo_create_redeem_and_duplicate" time="0.864" /><testcase classname="backend.tests.test_iter44_promo_regression" name="test_promo_redeem_invalid_code" time="0.472" /></testsuite></testsuites>