<?xml version="1.0" encoding="utf-8"?><testsuites name="pytest tests"><testsuite name="pytest" errors="0" failures="0" skipped="0" tests="8" time="8.376" timestamp="2026-06-03T20:47:18.191907+00:00" hostname="agent-env-e1a74972-928b-48c7-ab8d-0a24f5d55f92"><testcase classname="backend.tests.test_iter47_notifications_and_winner_badge" name="test_unread_count_lightweight_endpoint" time="0.506" /><testcase classname="backend.tests.test_iter47_notifications_and_winner_badge" name="test_list_returns_items_and_unread" time="0.129" /><testcase classname="backend.tests.test_iter47_notifications_and_winner_badge" name="test_notifications_fire_on_submit_and_award" time="2.439" /><testcase classname="backend.tests.test_iter47_notifications_and_winner_badge" name="test_mark_read_and_mark_all" time="2.030" /><testcase classname="backend.tests.test_iter47_notifications_and_winner_badge" name="test_cannot_mark_someone_elses_notification" time="0.259" /><testcase classname="backend.tests.test_iter47_notifications_and_winner_badge" name="test_unread_only_filter" time="2.181" /><testcase classname="backend.tests.test_iter47_notifications_and_winner_badge" name="test_winning_exchange_listing_gets_bounty_winner_badge" time="0.808" /><testcase classname="backend.tests.test_iter47_notifications_and_winner_badge" name="test_cleanup" time="0.005" /></testsuite></testsuites>