<?xml version="1.0" encoding="utf-8"?><testsuites name="pytest tests"><testsuite name="pytest" errors="0" failures="0" skipped="0" tests="4" time="1.024" timestamp="2026-06-07T10:47:06.802898+00:00" hostname="agent-env-e1a74972-928b-48c7-ab8d-0a24f5d55f92"><testcase classname="tests.test_iter65_smart_allowance" name="test_balance_response_shape" time="0.299" /><testcase classname="tests.test_iter65_smart_allowance" name="test_admin_unlimited_pct_is_100" time="0.025" /><testcase classname="tests.test_iter65_smart_allowance" name="test_free_user_pct_within_bounds" time="0.274" /><testcase classname="tests.test_iter65_smart_allowance" name="test_cashback_lifetime_grows_with_grant" time="0.353" /></testsuite></testsuites>