<?xml version="1.0" encoding="utf-8"?><testsuites name="pytest tests"><testsuite name="pytest" errors="0" failures="2" skipped="0" tests="15" time="3.697" timestamp="2026-06-03T21:41:41.042566+00:00" hostname="agent-env-e1a74972-928b-48c7-ab8d-0a24f5d55f92"><testcase classname="backend.tests.test_iter48_cash_bounties" name="test_create_cash_bounty_returns_checkout_url" time="1.249" /><testcase classname="backend.tests.test_iter48_cash_bounties" name="test_cash_min_amount_rejected" time="0.139" /><testcase classname="backend.tests.test_iter48_cash_bounties" name="test_cash_missing_origin_rejected" time="0.145" /><testcase classname="backend.tests.test_iter48_cash_bounties" name="test_pending_payment_bounty_hidden_from_public_list" time="0.145" /><testcase classname="backend.tests.test_iter48_cash_bounties" name="test_my_posted_includes_pending_payment" time="0.148" /><testcase classname="backend.tests.test_iter48_cash_bounties" name="test_activate_before_paid_returns_402" time="0.147" /><testcase classname="backend.tests.test_iter48_cash_bounties" name="test_activate_by_non_poster_returns_403" time="0.466" /><testcase classname="backend.tests.test_iter48_cash_bounties" name="test_payment_status_returns_type_and_bounty_id" time="0.235" /><testcase classname="backend.tests.test_iter48_cash_bounties" name="test_cancel_pending_payment_cash_bounty" time="0.118" /><testcase classname="backend.tests.test_iter48_cash_bounties" name="test_list_stats_include_cash_paid_out" time="0.113" /><testcase classname="backend.tests.test_iter48_cash_bounties" name="test_stripe_connect_account_before_onboard" time="0.115" /><testcase classname="backend.tests.test_iter48_cash_bounties" name="test_stripe_connect_onboard_creates_and_is_idempotent" time="0.229"><failure message="AssertionError: {&quot;detail&quot;:&quot;Stripe Connect setup failed: You can only create new accounts if you've signed up for Connect, which you can do at https://dashboard.stripe.com/connect.&quot;}&#10;assert 502 == 200&#10; +  where 502 = &lt;Response [502]&gt;.status_code">backend/tests/test_iter48_cash_bounties.py:203: in test_stripe_connect_onboard_creates_and_is_idempotent
    assert r1.status_code == 200, r1.text
E   AssertionError: {"detail":"Stripe Connect setup failed: You can only create new accounts if you've signed up for Connect, which you can do at https://dashboard.stripe.com/connect."}
E   assert 502 == 200
E    +  where 502 = &lt;Response [502]&gt;.status_code</failure></testcase><testcase classname="backend.tests.test_iter48_cash_bounties" name="test_stripe_connect_account_after_onboard" time="0.111"><failure message="AssertionError: expected non-null account after onboard&#10;assert None is not None">backend/tests/test_iter48_cash_bounties.py:225: in test_stripe_connect_account_after_onboard
    assert acct is not None, "expected non-null account after onboard"
E   AssertionError: expected non-null account after onboard
E   assert None is not None</failure></testcase><testcase classname="backend.tests.test_iter48_cash_bounties" name="test_regression_credit_bounty_still_works" time="0.254" /><testcase classname="backend.tests.test_iter48_cash_bounties" name="test_cleanup" time="0.005" /></testsuite></testsuites>