<?xml version="1.0" encoding="utf-8"?><testsuites name="pytest tests"><testsuite name="pytest" errors="0" failures="0" skipped="0" tests="3" time="0.441" timestamp="2026-06-06T21:09:27.151198+00:00" hostname="agent-env-e1a74972-928b-48c7-ab8d-0a24f5d55f92"><testcase classname="backend.tests.test_iter63_ui_polish" name="test_waitlist_accepts_source_field" time="0.195" /><testcase classname="backend.tests.test_iter63_ui_polish" name="test_waitlist_legacy_payload_still_works" time="0.121" /><testcase classname="backend.tests.test_iter63_ui_polish" name="test_waitlist_count_endpoint" time="0.109" /></testsuite></testsuites>