<?xml version="1.0" encoding="utf-8"?><testsuites name="pytest tests"><testsuite name="pytest" errors="0" failures="0" skipped="0" tests="36" time="30.093" timestamp="2026-05-27T16:59:01.698074+00:00" hostname="agent-env-e1a74972-928b-48c7-ab8d-0a24f5d55f92"><testcase classname="tests.test_workflow_iter35.TestBYOKCredentials" name="test_create_get_delete_credential[instagram]" time="0.718" /><testcase classname="tests.test_workflow_iter35.TestBYOKCredentials" name="test_create_get_delete_credential[stripe]" time="0.152" /><testcase classname="tests.test_workflow_iter35.TestBYOKCredentials" name="test_create_get_delete_credential[telegram]" time="0.152" /><testcase classname="tests.test_workflow_iter35.TestBYOKCredentials" name="test_create_get_delete_credential[discord]" time="0.150" /><testcase classname="tests.test_workflow_iter35.TestBYOKCredentials" name="test_create_get_delete_credential[notion]" time="0.160" /><testcase classname="tests.test_workflow_iter35.TestBYOKCredentials" name="test_create_get_delete_credential[gsheets]" time="0.146" /><testcase classname="tests.test_workflow_iter35.TestBYOKCredentials" name="test_create_get_delete_credential[twilio]" time="0.171" /><testcase classname="tests.test_workflow_iter35.TestBYOKCredentials" name="test_create_get_delete_credential[github]" time="0.158" /><testcase classname="tests.test_workflow_iter35.TestBYOKCredentials" name="test_create_get_delete_credential[openai]" time="0.155" /><testcase classname="tests.test_workflow_iter35.TestBYOKCredentials" name="test_create_get_delete_credential[anthropic]" time="0.152" /><testcase classname="tests.test_workflow_iter35.TestBYOKCredentials" name="test_create_get_delete_credential[postgres]" time="0.144" /><testcase classname="tests.test_workflow_iter35.TestBYOKCredentials" name="test_create_get_delete_credential[mongodb]" time="0.151" /><testcase classname="tests.test_workflow_iter35.TestIntegrationHandlersErrorPaths" name="test_telegram_missing_creds" time="0.006" /><testcase classname="tests.test_workflow_iter35.TestIntegrationHandlersErrorPaths" name="test_discord_ssrf_block" time="0.001" /><testcase classname="tests.test_workflow_iter35.TestIntegrationHandlersErrorPaths" name="test_github_missing_repo" time="0.003" /><testcase classname="tests.test_workflow_iter35.TestIntegrationHandlersErrorPaths" name="test_postgres_select_only" time="0.001" /><testcase classname="tests.test_workflow_iter35.TestIntegrationHandlersErrorPaths" name="test_llm_openai_missing" time="0.001" /><testcase classname="tests.test_workflow_iter35.TestDispatcherNoMorePassthrough" name="test_action_dispatch_returns_error_not_skipped[discord]" time="0.001" /><testcase classname="tests.test_workflow_iter35.TestDispatcherNoMorePassthrough" name="test_action_dispatch_returns_error_not_skipped[stripe]" time="0.153" /><testcase classname="tests.test_workflow_iter35.TestDispatcherNoMorePassthrough" name="test_action_dispatch_returns_error_not_skipped[telegram]" time="0.001" /><testcase classname="tests.test_workflow_iter35.TestDispatcherNoMorePassthrough" name="test_action_dispatch_returns_error_not_skipped[notion]" time="0.001" /><testcase classname="tests.test_workflow_iter35.TestDispatcherNoMorePassthrough" name="test_action_dispatch_returns_error_not_skipped[github]" time="0.001" /><testcase classname="tests.test_workflow_iter35.TestDispatcherNoMorePassthrough" name="test_action_dispatch_returns_error_not_skipped[twilio]" time="0.001" /><testcase classname="tests.test_workflow_iter35.TestDispatcherNoMorePassthrough" name="test_action_dispatch_returns_error_not_skipped[instagram]" time="0.000" /><testcase classname="tests.test_workflow_iter35.TestDispatcherNoMorePassthrough" name="test_action_dispatch_returns_error_not_skipped[gsheets]" time="0.000" /><testcase classname="tests.test_workflow_iter35.TestDispatcherNoMorePassthrough" name="test_database_postgres_dispatch" time="0.000" /><testcase classname="tests.test_workflow_iter35.TestDispatcherNoMorePassthrough" name="test_database_mongodb_dispatch" time="0.000" /><testcase classname="tests.test_workflow_iter35.TestDispatcherNoMorePassthrough" name="test_llm_openai_provider_no_byok" time="0.000" /><testcase classname="tests.test_workflow_iter35.TestDispatcherNoMorePassthrough" name="test_llm_platform_gemini_fallback" time="2.145" /><testcase classname="tests.test_workflow_iter35.TestDirectPublishEndpoint" name="test_direct_happy_path" time="0.052" /><testcase classname="tests.test_workflow_iter35.TestDirectPublishEndpoint" name="test_direct_path_traversal_dropped" time="0.054" /><testcase classname="tests.test_workflow_iter35.TestDirectPublishEndpoint" name="test_direct_in_bot_projects_list" time="0.112" /><testcase classname="tests.test_workflow_iter35.TestDirectPublishEndpoint" name="test_direct_validation_short_description" time="0.050" /><testcase classname="tests.test_workflow_iter35.TestDirectPublishEndpoint" name="test_direct_validation_empty_name" time="0.051" /><testcase classname="tests.test_workflow_iter35.TestDirectPublishEndpoint" name="test_direct_unauthenticated" time="0.240" /><testcase classname="tests.test_workflow_iter35.TestBuildBotSmoke" name="test_build_bot_smoke" time="24.629" /></testsuite></testsuites>