<?xml version="1.0" encoding="utf-8"?><testsuites name="pytest tests"><testsuite name="pytest" errors="0" failures="0" skipped="0" tests="24" time="18.917" timestamp="2026-06-03T21:41:53.706327+00:00" hostname="agent-env-e1a74972-928b-48c7-ab8d-0a24f5d55f92"><testcase classname="backend.tests.test_iter46_bounties" name="test_create_bounty_escrows_credits" time="0.784" /><testcase classname="backend.tests.test_iter46_bounties" name="test_create_bounty_402_when_broke" time="0.130" /><testcase classname="backend.tests.test_iter46_bounties" name="test_validation_min_reward_and_deadline" time="0.365" /><testcase classname="backend.tests.test_iter46_bounties" name="test_list_bounties_and_stats" time="0.821" /><testcase classname="backend.tests.test_iter46_bounties" name="test_get_single_bounty" time="0.345" /><testcase classname="backend.tests.test_iter46_bounties" name="test_cannot_submit_to_own_bounty" time="0.240" /><testcase classname="backend.tests.test_iter46_bounties" name="test_submit_and_award_lifecycle" time="0.964" /><testcase classname="backend.tests.test_iter46_bounties" name="test_submissions_visibility_for_non_poster" time="0.691" /><testcase classname="backend.tests.test_iter46_bounties" name="test_cancel_bounty_refunds_when_no_submissions" time="0.503" /><testcase classname="backend.tests.test_iter46_bounties" name="test_cancel_blocked_when_submissions_exist" time="0.622" /><testcase classname="backend.tests.test_iter46_bounties" name="test_my_posted_and_my_submissions" time="0.784" /><testcase classname="backend.tests.test_iter46_bounties" name="test_update_bounty_locks_description_after_first_submission" time="0.789" /><testcase classname="backend.tests.test_iter46_bounties" name="test_max_submissions_cap_enforced" time="0.805" /><testcase classname="backend.tests.test_iter46_bounties" name="test_janitor_expires_lapsed_bounties_and_refunds" time="0.396" /><testcase classname="backend.tests.test_iter46_bounties" name="test_submitting_someone_elses_agent_returns_403" time="0.450" /><testcase classname="backend.tests.test_iter46_bounties" name="test_cleanup" time="0.010" /><testcase classname="backend.tests.test_iter47_notifications_and_winner_badge" name="test_unread_count_lightweight_endpoint" time="0.449" /><testcase classname="backend.tests.test_iter47_notifications_and_winner_badge" name="test_list_returns_items_and_unread" time="0.118" /><testcase classname="backend.tests.test_iter47_notifications_and_winner_badge" name="test_notifications_fire_on_submit_and_award" time="2.166" /><testcase classname="backend.tests.test_iter47_notifications_and_winner_badge" name="test_mark_read_and_mark_all" time="2.024" /><testcase classname="backend.tests.test_iter47_notifications_and_winner_badge" name="test_cannot_mark_someone_elses_notification" time="0.220" /><testcase classname="backend.tests.test_iter47_notifications_and_winner_badge" name="test_unread_only_filter" time="2.246" /><testcase classname="backend.tests.test_iter47_notifications_and_winner_badge" name="test_winning_exchange_listing_gets_bounty_winner_badge" time="0.835" /><testcase classname="backend.tests.test_iter47_notifications_and_winner_badge" name="test_cleanup" time="0.005" /></testsuite></testsuites>