<?xml version="1.0" encoding="utf-8"?><testsuites name="pytest tests"><testsuite name="pytest" errors="0" failures="1" skipped="0" tests="6" time="3.059" timestamp="2026-06-08T18:33:37.121093+00:00" hostname="agent-env-e1a74972-928b-48c7-ab8d-0a24f5d55f92"><testcase classname="tests.test_iter68_extra" name="test_check_username_rate_limit_429" time="1.669" /><testcase classname="tests.test_iter68_extra" name="test_register_422_space_in_username" time="0.134" /><testcase classname="tests.test_iter68_extra" name="test_register_422_username_too_short" time="0.147" /><testcase classname="tests.test_iter68_extra" name="test_register_persists_username_lower_in_db" time="0.539" /><testcase classname="tests.test_iter68_extra" name="test_login_with_username_string" time="0.119"><failure message="AssertionError: {&quot;detail&quot;:[{&quot;type&quot;:&quot;string_too_long&quot;,&quot;loc&quot;:[&quot;body&quot;,&quot;username&quot;],&quot;msg&quot;:&quot;String should have at most 20 characters&quot;,&quot;input&quot;:&quot;qa_login_test_d304d518&quot;,&quot;ctx&quot;:{&quot;max_length&quot;:20},&quot;url&quot;:&quot;https://errors.pydantic.dev/2.12/v/string_too_long&quot;}]}&#10;assert 422 == 200&#10; +  where 422 = &lt;Response [422 Unprocessable Entity]&gt;.status_code">tests/test_iter68_extra.py:99: in test_login_with_username_string
    assert r.status_code == 200, r.text
E   AssertionError: {"detail":[{"type":"string_too_long","loc":["body","username"],"msg":"String should have at most 20 characters","input":"qa_login_test_d304d518","ctx":{"max_length":20},"url":"https://errors.pydantic.dev/2.12/v/string_too_long"}]}
E   assert 422 == 200
E    +  where 422 = &lt;Response [422 Unprocessable Entity]&gt;.status_code</failure></testcase><testcase classname="tests.test_iter68_extra" name="test_admin_legacy_email_login_still_works" time="0.337" /></testsuite></testsuites>