<?xml version="1.0" encoding="utf-8"?><testsuites name="pytest tests"><testsuite name="pytest" errors="0" failures="0" skipped="7" tests="27" time="9.626" timestamp="2026-06-03T22:05:37.602852+00:00" hostname="agent-env-e1a74972-928b-48c7-ab8d-0a24f5d55f92"><testcase classname="backend.tests.test_iter49_p2_batch.TestSchedules" name="test_get_schedule_owner" time="0.612" /><testcase classname="backend.tests.test_iter49_p2_batch.TestSchedules" name="test_get_schedule_nonowner" time="0.468" /><testcase classname="backend.tests.test_iter49_p2_batch.TestSchedules" name="test_put_schedule_daily_then_disable" time="0.112" /><testcase classname="backend.tests.test_iter49_p2_batch.TestSchedules" name="test_put_schedule_no_preset_when_enabled" time="0.053" /><testcase classname="backend.tests.test_iter49_p2_batch.TestSchedules" name="test_put_schedule_invalid_preset" time="0.054" /><testcase classname="backend.tests.test_iter49_p2_batch.TestSchedules" name="test_tick_scheduled_runs_direct" time="2.428" /><testcase classname="backend.tests.test_iter49_p2_batch.TestReviews" name="test_create_review_admin" time="0.051"><skipped type="pytest.skip" message="listing create failed: 422 {&quot;detail&quot;:[{&quot;type&quot;:&quot;missing&quot;,&quot;loc&quot;:[&quot;body&quot;,&quot;workflow_id&quot;],&quot;msg&quot;:&quot;Field required&quot;,&quot;input&quot;:{&quot;agent_name&quot;:&quot;TEST_iter49_review_listing&quot;,&quot;description&quot;:&quot;An agent for iter49 review testing&quot;,&quot;category&quot;:&quot;data&quot;,&quot;mode&quot;:&quot;rent&quot;,&quot;price_per_month&quot;:9.99},&quot;url&quot;:&quot;https://errors.pydantic.dev/2.12/v/missing&quot;},{&quot;type&quot;:&quot;">/app/backend/tests/test_iter49_p2_batch.py:143: listing create failed: 422 {"detail":[{"type":"missing","loc":["body","workflow_id"],"msg":"Field required","input":{"agent_name":"TEST_iter49_review_listing","description":"An agent for iter49 review testing","category":"data","mode":"rent","price_per_month":9.99},"url":"https://errors.pydantic.dev/2.12/v/missing"},{"type":"</skipped></testcase><testcase classname="backend.tests.test_iter49_p2_batch.TestReviews" name="test_list_reviews_aggregate" time="0.000"><skipped type="pytest.skip" message="listing create failed: 422 {&quot;detail&quot;:[{&quot;type&quot;:&quot;missing&quot;,&quot;loc&quot;:[&quot;body&quot;,&quot;workflow_id&quot;],&quot;msg&quot;:&quot;Field required&quot;,&quot;input&quot;:{&quot;agent_name&quot;:&quot;TEST_iter49_review_listing&quot;,&quot;description&quot;:&quot;An agent for iter49 review testing&quot;,&quot;category&quot;:&quot;data&quot;,&quot;mode&quot;:&quot;rent&quot;,&quot;price_per_month&quot;:9.99},&quot;url&quot;:&quot;https://errors.pydantic.dev/2.12/v/missing&quot;},{&quot;type&quot;:&quot;">/app/backend/tests/test_iter49_p2_batch.py:164: listing create failed: 422 {"detail":[{"type":"missing","loc":["body","workflow_id"],"msg":"Field required","input":{"agent_name":"TEST_iter49_review_listing","description":"An agent for iter49 review testing","category":"data","mode":"rent","price_per_month":9.99},"url":"https://errors.pydantic.dev/2.12/v/missing"},{"type":"</skipped></testcase><testcase classname="backend.tests.test_iter49_p2_batch.TestReviews" name="test_owner_cannot_review_own" time="0.000"><skipped type="pytest.skip" message="listing create failed: 422 {&quot;detail&quot;:[{&quot;type&quot;:&quot;missing&quot;,&quot;loc&quot;:[&quot;body&quot;,&quot;workflow_id&quot;],&quot;msg&quot;:&quot;Field required&quot;,&quot;input&quot;:{&quot;agent_name&quot;:&quot;TEST_iter49_review_listing&quot;,&quot;description&quot;:&quot;An agent for iter49 review testing&quot;,&quot;category&quot;:&quot;data&quot;,&quot;mode&quot;:&quot;rent&quot;,&quot;price_per_month&quot;:9.99},&quot;url&quot;:&quot;https://errors.pydantic.dev/2.12/v/missing&quot;},{&quot;type&quot;:&quot;">/app/backend/tests/test_iter49_p2_batch.py:172: listing create failed: 422 {"detail":[{"type":"missing","loc":["body","workflow_id"],"msg":"Field required","input":{"agent_name":"TEST_iter49_review_listing","description":"An agent for iter49 review testing","category":"data","mode":"rent","price_per_month":9.99},"url":"https://errors.pydantic.dev/2.12/v/missing"},{"type":"</skipped></testcase><testcase classname="backend.tests.test_iter49_p2_batch.TestReviews" name="test_duplicate_review" time="0.000"><skipped type="pytest.skip" message="listing create failed: 422 {&quot;detail&quot;:[{&quot;type&quot;:&quot;missing&quot;,&quot;loc&quot;:[&quot;body&quot;,&quot;workflow_id&quot;],&quot;msg&quot;:&quot;Field required&quot;,&quot;input&quot;:{&quot;agent_name&quot;:&quot;TEST_iter49_review_listing&quot;,&quot;description&quot;:&quot;An agent for iter49 review testing&quot;,&quot;category&quot;:&quot;data&quot;,&quot;mode&quot;:&quot;rent&quot;,&quot;price_per_month&quot;:9.99},&quot;url&quot;:&quot;https://errors.pydantic.dev/2.12/v/missing&quot;},{&quot;type&quot;:&quot;">/app/backend/tests/test_iter49_p2_batch.py:179: listing create failed: 422 {"detail":[{"type":"missing","loc":["body","workflow_id"],"msg":"Field required","input":{"agent_name":"TEST_iter49_review_listing","description":"An agent for iter49 review testing","category":"data","mode":"rent","price_per_month":9.99},"url":"https://errors.pydantic.dev/2.12/v/missing"},{"type":"</skipped></testcase><testcase classname="backend.tests.test_iter49_p2_batch.TestReviews" name="test_short_comment_422" time="0.000"><skipped type="pytest.skip" message="listing create failed: 422 {&quot;detail&quot;:[{&quot;type&quot;:&quot;missing&quot;,&quot;loc&quot;:[&quot;body&quot;,&quot;workflow_id&quot;],&quot;msg&quot;:&quot;Field required&quot;,&quot;input&quot;:{&quot;agent_name&quot;:&quot;TEST_iter49_review_listing&quot;,&quot;description&quot;:&quot;An agent for iter49 review testing&quot;,&quot;category&quot;:&quot;data&quot;,&quot;mode&quot;:&quot;rent&quot;,&quot;price_per_month&quot;:9.99},&quot;url&quot;:&quot;https://errors.pydantic.dev/2.12/v/missing&quot;},{&quot;type&quot;:&quot;">/app/backend/tests/test_iter49_p2_batch.py:186: listing create failed: 422 {"detail":[{"type":"missing","loc":["body","workflow_id"],"msg":"Field required","input":{"agent_name":"TEST_iter49_review_listing","description":"An agent for iter49 review testing","category":"data","mode":"rent","price_per_month":9.99},"url":"https://errors.pydantic.dev/2.12/v/missing"},{"type":"</skipped></testcase><testcase classname="backend.tests.test_iter49_p2_batch.TestReviews" name="test_reply_flow" time="0.000"><skipped type="pytest.skip" message="listing create failed: 422 {&quot;detail&quot;:[{&quot;type&quot;:&quot;missing&quot;,&quot;loc&quot;:[&quot;body&quot;,&quot;workflow_id&quot;],&quot;msg&quot;:&quot;Field required&quot;,&quot;input&quot;:{&quot;agent_name&quot;:&quot;TEST_iter49_review_listing&quot;,&quot;description&quot;:&quot;An agent for iter49 review testing&quot;,&quot;category&quot;:&quot;data&quot;,&quot;mode&quot;:&quot;rent&quot;,&quot;price_per_month&quot;:9.99},&quot;url&quot;:&quot;https://errors.pydantic.dev/2.12/v/missing&quot;},{&quot;type&quot;:&quot;">/app/backend/tests/test_iter49_p2_batch.py:199: listing create failed: 422 {"detail":[{"type":"missing","loc":["body","workflow_id"],"msg":"Field required","input":{"agent_name":"TEST_iter49_review_listing","description":"An agent for iter49 review testing","category":"data","mode":"rent","price_per_month":9.99},"url":"https://errors.pydantic.dev/2.12/v/missing"},{"type":"</skipped></testcase><testcase classname="backend.tests.test_iter49_p2_batch.TestReviews" name="test_delete_review_by_author" time="0.000"><skipped type="pytest.skip" message="listing create failed: 422 {&quot;detail&quot;:[{&quot;type&quot;:&quot;missing&quot;,&quot;loc&quot;:[&quot;body&quot;,&quot;workflow_id&quot;],&quot;msg&quot;:&quot;Field required&quot;,&quot;input&quot;:{&quot;agent_name&quot;:&quot;TEST_iter49_review_listing&quot;,&quot;description&quot;:&quot;An agent for iter49 review testing&quot;,&quot;category&quot;:&quot;data&quot;,&quot;mode&quot;:&quot;rent&quot;,&quot;price_per_month&quot;:9.99},&quot;url&quot;:&quot;https://errors.pydantic.dev/2.12/v/missing&quot;},{&quot;type&quot;:&quot;">/app/backend/tests/test_iter49_p2_batch.py:223: listing create failed: 422 {"detail":[{"type":"missing","loc":["body","workflow_id"],"msg":"Field required","input":{"agent_name":"TEST_iter49_review_listing","description":"An agent for iter49 review testing","category":"data","mode":"rent","price_per_month":9.99},"url":"https://errors.pydantic.dev/2.12/v/missing"},{"type":"</skipped></testcase><testcase classname="backend.tests.test_iter49_p2_batch.TestCreatorEarnings" name="test_summary_shape" time="0.060" /><testcase classname="backend.tests.test_iter49_p2_batch.TestCreatorEarnings" name="test_summary_days_clamping" time="0.840" /><testcase classname="backend.tests.test_iter49_p2_batch.TestCreatorEarnings" name="test_ledger" time="0.060" /><testcase classname="backend.tests.test_iter49_p2_batch.TestCreatorEarnings" name="test_export_csv" time="0.051" /><testcase classname="backend.tests.test_iter49_p2_batch.TestApiKeys" name="test_mint_key_format" time="0.055" /><testcase classname="backend.tests.test_iter49_p2_batch.TestApiKeys" name="test_list_keys_no_secrets" time="0.058" /><testcase classname="backend.tests.test_iter49_p2_batch.TestApiKeys" name="test_mint_empty_name_defaults" time="0.112" /><testcase classname="backend.tests.test_iter49_p2_batch.TestApiKeys" name="test_revoke_key" time="0.163" /><testcase classname="backend.tests.test_iter49_p2_batch.TestPublicAPI" name="test_missing_key" time="0.133" /><testcase classname="backend.tests.test_iter49_p2_batch.TestPublicAPI" name="test_invalid_key" time="0.118" /><testcase classname="backend.tests.test_iter49_p2_batch.TestPublicAPI" name="test_valid_key_run" time="0.304" /><testcase classname="backend.tests.test_iter49_p2_batch.TestPublicAPI" name="test_run_wrong_owner" time="0.213" /><testcase classname="backend.tests.test_iter49_p2_batch.TestPublicAPI" name="test_list_runs" time="0.243" /><testcase classname="backend.tests.test_iter49_p2_batch.TestPublicAPI" name="test_rate_limit" time="3.361" /></testsuite></testsuites>