<?xml version="1.0" encoding="utf-8"?><testsuites name="pytest tests"><testsuite name="pytest" errors="0" failures="0" skipped="0" tests="16" time="2.759" timestamp="2026-06-08T18:33:05.433805+00:00" hostname="agent-env-e1a74972-928b-48c7-ab8d-0a24f5d55f92"><testcase classname="tests.test_iter68_auth_validators" name="test_check_password_strong" time="0.001" /><testcase classname="tests.test_iter68_auth_validators" name="test_check_password_blocks_lowercase_only" time="0.000" /><testcase classname="tests.test_iter68_auth_validators" name="test_check_password_blocks_no_special" time="0.000" /><testcase classname="tests.test_iter68_auth_validators" name="test_check_password_blocks_matches_username" time="0.000" /><testcase classname="tests.test_iter68_auth_validators" name="test_check_password_blocks_matches_email_prefix" time="0.000" /><testcase classname="tests.test_iter68_auth_validators" name="test_check_password_blocks_trailing_space" time="0.000" /><testcase classname="tests.test_iter68_auth_validators" name="test_check_password_score_progression" time="0.000" /><testcase classname="tests.test_iter68_auth_validators" name="test_check_username_format" time="0.000" /><testcase classname="tests.test_iter68_auth_validators" name="test_check_username_reserved" time="0.000" /><testcase classname="tests.test_iter68_auth_validators" name="test_validate_signup_aggregates" time="0.000" /><testcase classname="tests.test_iter68_auth_validators" name="test_check_username_endpoint_reasons" time="0.695" /><testcase classname="tests.test_iter68_auth_validators" name="test_register_422_on_bad_password" time="0.124" /><testcase classname="tests.test_iter68_auth_validators" name="test_register_422_on_reserved_username" time="0.122" /><testcase classname="tests.test_iter68_auth_validators" name="test_register_succeeds_with_valid_payload" time="0.777" /><testcase classname="tests.test_iter68_auth_validators" name="test_register_username_case_insensitive_uniqueness" time="0.492" /><testcase classname="tests.test_iter68_auth_validators" name="test_login_generic_error_no_enumeration" time="0.467" /></testsuite></testsuites>