<?xml version="1.0" encoding="utf-8"?><testsuites name="pytest tests"><testsuite name="pytest" errors="0" failures="0" skipped="0" tests="79" time="52.437" timestamp="2026-06-03T20:47:32.447900+00:00" hostname="agent-env-e1a74972-928b-48c7-ab8d-0a24f5d55f92"><testcase classname="backend.tests.test_iter46_bounties" name="test_create_bounty_escrows_credits" time="0.714" /><testcase classname="backend.tests.test_iter46_bounties" name="test_create_bounty_402_when_broke" time="0.154" /><testcase classname="backend.tests.test_iter46_bounties" name="test_validation_min_reward_and_deadline" time="0.334" /><testcase classname="backend.tests.test_iter46_bounties" name="test_list_bounties_and_stats" time="0.862" /><testcase classname="backend.tests.test_iter46_bounties" name="test_get_single_bounty" time="0.383" /><testcase classname="backend.tests.test_iter46_bounties" name="test_cannot_submit_to_own_bounty" time="0.228" /><testcase classname="backend.tests.test_iter46_bounties" name="test_submit_and_award_lifecycle" time="1.000" /><testcase classname="backend.tests.test_iter46_bounties" name="test_submissions_visibility_for_non_poster" time="0.756" /><testcase classname="backend.tests.test_iter46_bounties" name="test_cancel_bounty_refunds_when_no_submissions" time="0.466" /><testcase classname="backend.tests.test_iter46_bounties" name="test_cancel_blocked_when_submissions_exist" time="0.646" /><testcase classname="backend.tests.test_iter46_bounties" name="test_my_posted_and_my_submissions" time="0.689" /><testcase classname="backend.tests.test_iter46_bounties" name="test_update_bounty_locks_description_after_first_submission" time="0.886" /><testcase classname="backend.tests.test_iter46_bounties" name="test_max_submissions_cap_enforced" time="0.973" /><testcase classname="backend.tests.test_iter46_bounties" name="test_janitor_expires_lapsed_bounties_and_refunds" time="0.381" /><testcase classname="backend.tests.test_iter46_bounties" name="test_submitting_someone_elses_agent_returns_403" time="0.493" /><testcase classname="backend.tests.test_iter46_bounties" name="test_cleanup" time="0.008" /><testcase classname="backend.tests.test_iter45_hosting_enforcement" name="test_publish_blocked_without_subscription" time="0.777" /><testcase classname="backend.tests.test_iter45_hosting_enforcement" name="test_publish_succeeds_under_cap_and_increments" time="0.704" /><testcase classname="backend.tests.test_iter45_hosting_enforcement" name="test_publish_blocked_when_cap_hit" time="0.701" /><testcase classname="backend.tests.test_iter45_hosting_enforcement" name="test_delete_published_releases_quota" time="0.515" /><testcase classname="backend.tests.test_iter45_hosting_enforcement" name="test_delist_releases_quota" time="0.488" /><testcase classname="backend.tests.test_iter45_hosting_enforcement" name="test_expire_lapsed_subscriptions_helper" time="0.020" /><testcase classname="backend.tests.test_iter45_hosting_enforcement" name="test_publish_blocked_when_sub_expired" time="0.418" /><testcase classname="backend.tests.test_iter45_hosting_enforcement" name="test_decrement_agents_helper" time="0.030" /><testcase classname="backend.tests.test_iter45_hosting_enforcement" name="test_admin_role_bypasses_quota_but_counter_increments" time="0.723" /><testcase classname="backend.tests.test_iter44_p7_part3_hosting" name="test_tiers_catalogue_is_public" time="0.116" /><testcase classname="backend.tests.test_iter44_p7_part3_hosting" name="test_me_returns_null_when_no_subscription" time="0.464" /><testcase classname="backend.tests.test_iter44_p7_part3_hosting" name="test_usage_no_subscription" time="0.107" /><testcase classname="backend.tests.test_iter44_p7_part3_hosting" name="test_checkout_invalid_tier" time="0.102" /><testcase classname="backend.tests.test_iter44_p7_part3_hosting" name="test_checkout_creates_stripe_session" time="0.499" /><testcase classname="backend.tests.test_iter44_p7_part3_hosting" name="test_activate_requires_paid_payment" time="0.504" /><testcase classname="backend.tests.test_iter44_p7_part3_hosting" name="test_activate_idempotent_after_paid" time="0.618" /><testcase classname="backend.tests.test_iter44_p7_part3_hosting" name="test_activate_409_when_dup_tier" time="0.109" /><testcase classname="backend.tests.test_iter44_p7_part3_hosting" name="test_usage_with_active_sub" time="0.120" /><testcase classname="backend.tests.test_iter44_p7_part3_hosting" name="test_increment_executions_helper" time="0.005" /><testcase classname="backend.tests.test_iter44_p7_part3_hosting" name="test_can_publish_helper" time="0.005" /><testcase classname="backend.tests.test_iter44_p7_part3_hosting" name="test_cancel_flips_status" time="0.110" /><testcase classname="backend.tests.test_iter44_p7_part3_hosting" name="test_cancel_404_when_no_active" time="0.115" /><testcase classname="backend.tests.test_iter44_p7_part3_hosting" name="test_external_agent_run_increments_hosting_executions" time="2.903" /><testcase classname="backend.tests.test_iter44_p7_part3_hosting" name="test_cleanup_admin_subs" time="0.005" /><testcase classname="backend.tests.test_iter43_p7_part2_runtime" name="test_install_status_before_install" time="0.692" /><testcase classname="backend.tests.test_iter43_p7_part2_runtime" name="test_run_before_install_409" time="0.388" /><testcase classname="backend.tests.test_iter43_p7_part2_runtime" name="test_install_and_run_no_deps" time="3.037" /><testcase classname="backend.tests.test_iter43_p7_part2_runtime" name="test_install_idempotent" time="2.847" /><testcase classname="backend.tests.test_iter43_p7_part2_runtime" name="test_run_timeout_kills_subprocess" time="4.860" /><testcase classname="backend.tests.test_iter43_p7_part2_runtime" name="test_run_with_async_entry" time="2.860" /><testcase classname="backend.tests.test_iter43_p7_part2_runtime" name="test_run_with_multi_file_imports" time="2.863" /><testcase classname="backend.tests.test_iter43_p7_part2_runtime" name="test_run_with_allowed_dependency" time="3.721" /><testcase classname="backend.tests.test_iter43_p7_part2_runtime" name="test_delete_removes_disk_artifacts" time="2.702" /><testcase classname="backend.tests.test_iter43_p7_part2_runtime" name="test_unknown_package_404" time="0.490" /><testcase classname="backend.tests.test_iter42_p7_webhooks_onboarding.TestWhitelist" name="test_public_whitelist" time="0.107" /><testcase classname="backend.tests.test_iter42_p7_webhooks_onboarding.TestExternalAgentUpload" name="test_valid_upload" time="0.461" /><testcase classname="backend.tests.test_iter42_p7_webhooks_onboarding.TestExternalAgentUpload" name="test_corrupt_zip_rejected" time="0.121" /><testcase classname="backend.tests.test_iter42_p7_webhooks_onboarding.TestExternalAgentUpload" name="test_missing_manifest_rejected" time="0.108" /><testcase classname="backend.tests.test_iter42_p7_webhooks_onboarding.TestExternalAgentUpload" name="test_manifest_missing_field" time="0.106" /><testcase classname="backend.tests.test_iter42_p7_webhooks_onboarding.TestExternalAgentUpload" name="test_disallowed_packages" time="0.130" /><testcase classname="backend.tests.test_iter42_p7_webhooks_onboarding.TestExternalAgentUpload" name="test_ast_banned_import_subprocess" time="0.114" /><testcase classname="backend.tests.test_iter42_p7_webhooks_onboarding.TestExternalAgentUpload" name="test_ast_banned_socket" time="0.114" /><testcase classname="backend.tests.test_iter42_p7_webhooks_onboarding.TestExternalAgentUpload" name="test_ast_from_os_system" time="0.109" /><testcase classname="backend.tests.test_iter42_p7_webhooks_onboarding.TestExternalAgentUpload" name="test_ast_eval_call" time="0.123" /><testcase classname="backend.tests.test_iter42_p7_webhooks_onboarding.TestExternalAgentUpload" name="test_ast_subclasses" time="0.115" /><testcase classname="backend.tests.test_iter42_p7_webhooks_onboarding.TestExternalAgentUpload" name="test_entry_function_missing" time="0.103" /><testcase classname="backend.tests.test_iter42_p7_webhooks_onboarding.TestPackageStorage" name="test_list_includes_uploaded" time="0.135" /><testcase classname="backend.tests.test_iter42_p7_webhooks_onboarding.TestPackageStorage" name="test_get_one_package" time="0.118" /><testcase classname="backend.tests.test_iter42_p7_webhooks_onboarding.TestPackageStorage" name="test_cross_user_404" time="0.613" /><testcase classname="backend.tests.test_iter42_p7_webhooks_onboarding.TestPackageStorage" name="test_delete_package" time="0.243" /><testcase classname="backend.tests.test_iter42_p7_webhooks_onboarding.TestOnboarding" name="test_onboarding_state_endpoint_works" time="0.115" /><testcase classname="backend.tests.test_iter42_p7_webhooks_onboarding.TestOnboarding" name="test_complete_onboarding" time="0.270" /><testcase classname="backend.tests.test_iter42_p7_webhooks_onboarding.TestWebhookInfo" name="test_get_webhook_info" time="0.133" /><testcase classname="backend.tests.test_iter42_p7_webhooks_onboarding.TestWebhookInfo" name="test_cross_user_404" time="0.106" /><testcase classname="backend.tests.test_iter42_p7_webhooks_onboarding.TestWebhookFire" name="test_fire_with_correct_key" time="0.180" /><testcase classname="backend.tests.test_iter42_p7_webhooks_onboarding.TestWebhookFire" name="test_fire_no_key" time="0.111" /><testcase classname="backend.tests.test_iter42_p7_webhooks_onboarding.TestWebhookFire" name="test_fire_wrong_key" time="0.106" /><testcase classname="backend.tests.test_iter42_p7_webhooks_onboarding.TestWebhookFire" name="test_fire_unknown_deployment" time="0.126" /><testcase classname="backend.tests.test_iter42_p7_webhooks_onboarding.TestWebhookFire" name="test_hmac_correct" time="0.191" /><testcase classname="backend.tests.test_iter42_p7_webhooks_onboarding.TestWebhookFire" name="test_hmac_wrong" time="0.123" /><testcase classname="backend.tests.test_iter42_p7_webhooks_onboarding.TestWebhookEvents" name="test_event_persisted" time="1.144" /><testcase classname="backend.tests.test_iter42_p7_webhooks_onboarding.TestWebhookRotate" name="test_rotate_invalidates_old_key" time="0.528" /><testcase classname="backend.tests.test_iter42_p7_webhooks_onboarding.TestRealRuntime" name="test_run_real_executes_main_py" time="0.180" /></testsuite></testsuites>