<?xml version="1.0" encoding="utf-8"?><testsuites name="pytest tests"><testsuite name="pytest" errors="0" failures="0" skipped="0" tests="8" time="2.780" timestamp="2026-06-03T22:30:47.515458+00:00" hostname="agent-env-e1a74972-928b-48c7-ab8d-0a24f5d55f92"><testcase classname="backend.tests.test_iter50_armory.TestVibeRegression" name="test_models_endpoint" time="0.521" /><testcase classname="backend.tests.test_iter50_armory.TestVibeRegression" name="test_sessions_list" time="0.117" /><testcase classname="backend.tests.test_iter50_armory.TestVibeRegression" name="test_chat_endpoint_short" time="1.138" /><testcase classname="backend.tests.test_iter50_armory.TestBotProjects" name="test_list_projects" time="0.146" /><testcase classname="backend.tests.test_iter50_armory.TestTestRunEndpoint" name="test_test_run_owner_ok" time="0.327" /><testcase classname="backend.tests.test_iter50_armory.TestTestRunEndpoint" name="test_test_run_not_owner_or_missing" time="0.113" /><testcase classname="backend.tests.test_iter50_armory.TestTestRunEndpoint" name="test_test_run_unauthenticated" time="0.117" /><testcase classname="backend.tests.test_iter50_armory.TestTestRunEmptyNodes" name="test_empty_nodes_returns_400" time="0.282" /></testsuite></testsuites>