<?xml version="1.0" encoding="utf-8"?><testsuites name="pytest tests"><testsuite name="pytest" errors="0" failures="1" skipped="0" tests="25" time="5.361" timestamp="2026-05-27T13:29:04.351473+00:00" hostname="agent-env-e1a74972-928b-48c7-ab8d-0a24f5d55f92"><testcase classname="tests.test_workflow_iter29.TestBYOKEncryption" name="test_stored_value_is_encrypted_with_prefix" time="0.753" /><testcase classname="tests.test_workflow_iter29.TestBYOKEncryption" name="test_masked_field_shows_last4_of_plaintext_not_ciphertext" time="0.167" /><testcase classname="tests.test_workflow_iter29.TestBYOKEncryption" name="test_legacy_plaintext_row_still_readable" time="0.170" /><testcase classname="tests.test_workflow_iter29.TestBYOKEncryption" name="test_action_slack_decrypts_byok_and_calls_handler" time="0.425"><failure message="AssertionError: {'branch': None, 'duration_ms': 143, 'label': None, 'log': 'Slack post → 302', ...}&#10;assert 'ok' in ('error', 'success')">tests/test_workflow_iter29.py:130: in test_action_slack_decrypts_byok_and_calls_handler
    assert a_node["status"] in ("error", "success"), a_node
E   AssertionError: {'branch': None, 'duration_ms': 143, 'label': None, 'log': 'Slack post → 302', ...}
E   assert 'ok' in ('error', 'success')</failure></testcase><testcase classname="tests.test_workflow_iter29.TestBYOKPydanticValidation" name="test_bogus_service_returns_422" time="0.054" /><testcase classname="tests.test_workflow_iter29.TestBYOKPydanticValidation" name="test_empty_api_key_returns_422" time="0.057" /><testcase classname="tests.test_workflow_iter29.TestBYOKPydanticValidation" name="test_oversize_api_key_returns_422" time="0.060" /><testcase classname="tests.test_workflow_iter29.TestBYOKPydanticValidation" name="test_extra_as_list_returns_422" time="0.059" /><testcase classname="tests.test_workflow_iter29.TestSaveCanvasPydantic" name="test_missing_studio_id_returns_422" time="0.052" /><testcase classname="tests.test_workflow_iter29.TestSaveCanvasPydantic" name="test_empty_studio_id_returns_422" time="0.054" /><testcase classname="tests.test_workflow_iter29.TestSaveCanvasPydantic" name="test_whitespace_studio_id_returns_422" time="0.052" /><testcase classname="tests.test_workflow_iter29.TestSaveCanvasPydantic" name="test_nodes_not_array_returns_422" time="0.055" /><testcase classname="tests.test_workflow_iter29.TestSaveCanvasPydantic" name="test_name_too_long_returns_422" time="0.054" /><testcase classname="tests.test_workflow_iter29.TestRunsPagination" name="test_runs_returns_pagination_envelope" time="0.224" /><testcase classname="tests.test_workflow_iter29.TestRunsPagination" name="test_runs_list_strips_node_results" time="0.213" /><testcase classname="tests.test_workflow_iter29.TestRunsPagination" name="test_runs_limit_skip_paginates" time="0.906" /><testcase classname="tests.test_workflow_iter29.TestRunsPagination" name="test_runs_limit_clamped_to_100" time="0.183" /><testcase classname="tests.test_workflow_iter29.TestRunsPagination" name="test_run_detail_returns_node_results" time="0.314" /><testcase classname="tests.test_workflow_iter29.TestRunsPagination" name="test_run_detail_other_user_404" time="0.687" /><testcase classname="tests.test_workflow_iter29.TestStripeExtracted" name="test_checkout_route_exists" time="0.053" /><testcase classname="tests.test_workflow_iter29.TestStripeExtracted" name="test_status_nonexistent_session_returns_404" time="0.058" /><testcase classname="tests.test_workflow_iter29.TestStripeExtracted" name="test_webhook_bad_signature_returns_200_with_error" time="0.133" /><testcase classname="tests.test_workflow_iter29.TestStaleJobSweeper" name="test_mark_stale_jobs_failed_sweeps_old_running" time="0.125" /><testcase classname="tests.test_workflow_iter29.TestBulkTemplates" name="test_engine_status_templates_available_280plus" time="0.054" /><testcase classname="tests.test_workflow_iter29.TestBulkTemplates" name="test_templates_list_with_limit_200" time="0.188" /></testsuite></testsuites>