<?xml version="1.0" encoding="utf-8"?><testsuites name="pytest tests"><testsuite name="pytest" errors="0" failures="0" skipped="1" tests="17" time="79.576" timestamp="2026-06-04T01:33:36.425047+00:00" hostname="agent-env-e1a74972-928b-48c7-ab8d-0a24f5d55f92"><testcase classname="backend.tests.test_iter57_smart_credits.TestEstimate" name="test_matrix_full" time="0.604" /><testcase classname="backend.tests.test_iter57_smart_credits.TestEstimate" name="test_single_known" time="0.109" /><testcase classname="backend.tests.test_iter57_smart_credits.TestEstimate" name="test_unknown_model_400" time="0.125" /><testcase classname="backend.tests.test_iter57_smart_credits.TestEstimate" name="test_unknown_action_400" time="0.120" /><testcase classname="backend.tests.test_iter57_smart_credits.TestEstimate" name="test_anonymous_401" time="0.107" /><testcase classname="backend.tests.test_iter57_smart_credits.TestEconomicsGating" name="test_owner_200" time="0.109" /><testcase classname="backend.tests.test_iter57_smart_credits.TestEconomicsGating" name="test_owner_days_clamp" time="0.246" /><testcase classname="backend.tests.test_iter57_smart_credits.TestEconomicsGating" name="test_dev_admin_403" time="0.469" /><testcase classname="backend.tests.test_iter57_smart_credits.TestEconomicsGating" name="test_free_user_403" time="0.566" /><testcase classname="backend.tests.test_iter57_smart_credits.TestEconomicsGating" name="test_anonymous_401" time="0.105" /><testcase classname="backend.tests.test_iter57_smart_credits.TestVibeChat" name="test_chat_dynamic_fields" time="1.267" /><testcase classname="backend.tests.test_iter57_smart_credits.TestVibeChat" name="test_chat_zero_balance_402" time="2.471" /><testcase classname="backend.tests.test_iter57_smart_credits.TestVibeGenerate" name="test_generate_dynamic_fields" time="37.960" /><testcase classname="backend.tests.test_iter57_smart_credits.TestRecommendModel" name="test_recommend" time="6.377" /><testcase classname="backend.tests.test_iter57_smart_credits.TestArmoryBuildBot" name="test_build_bot" time="24.676" /><testcase classname="backend.tests.test_iter57_smart_credits.TestRaceSafety" name="test_concurrent_debits" time="3.850" /><testcase classname="backend.tests.test_iter57_smart_credits.TestBYOK" name="test_byok_flat_min" time="0.363"><skipped type="pytest.skip" message="LLM upstream 502 (expected with fake key) — debit path verified separately">/app/backend/tests/test_iter57_smart_credits.py:334: LLM upstream 502 (expected with fake key) — debit path verified separately</skipped></testcase></testsuite></testsuites>