<?xml version="1.0" encoding="utf-8"?><testsuites name="pytest tests"><testsuite name="pytest" errors="0" failures="0" skipped="0" tests="29" time="14.224" timestamp="2026-05-27T16:59:36.668813+00:00" hostname="agent-env-e1a74972-928b-48c7-ab8d-0a24f5d55f92"><testcase classname="tests.test_workflow_iter31.TestExchangePublish" name="test_publish_listing_creates_draft" time="0.661" /><testcase classname="tests.test_workflow_iter31.TestExchangePublish" name="test_publish_404_for_unknown_workflow" time="0.133" /><testcase classname="tests.test_workflow_iter31.TestExchangePublish" name="test_validation_name_too_short" time="0.240" /><testcase classname="tests.test_workflow_iter31.TestExchangePublish" name="test_validation_description_too_short" time="0.317" /><testcase classname="tests.test_workflow_iter31.TestExchangePublish" name="test_validation_rent_price_negative" time="0.220" /><testcase classname="tests.test_workflow_iter31.TestExchangePublish" name="test_validation_buy_price_over_max" time="0.220" /><testcase classname="tests.test_workflow_iter31.TestExchangePublic" name="test_listings_public_no_auth" time="0.105" /><testcase classname="tests.test_workflow_iter31.TestExchangePublic" name="test_get_single_listing_public" time="0.459" /><testcase classname="tests.test_workflow_iter31.TestExchangePublic" name="test_get_unknown_listing_404" time="0.117" /><testcase classname="tests.test_workflow_iter31.TestExchangePublic" name="test_category_and_search_filters" time="0.564" /><testcase classname="tests.test_workflow_iter31.TestExchangeMutations" name="test_update_own_listing" time="0.346" /><testcase classname="tests.test_workflow_iter31.TestExchangeMutations" name="test_delete_other_user_listing_returns_404" time="0.688" /><testcase classname="tests.test_workflow_iter31.TestExchangeMutations" name="test_delete_own_listing" time="0.445" /><testcase classname="tests.test_workflow_iter31.TestExchangeUploads" name="test_video_upload_accepts_mp4_and_sets_url_and_promotes" time="0.427" /><testcase classname="tests.test_workflow_iter31.TestExchangeUploads" name="test_video_reject_unsupported_mime" time="0.412" /><testcase classname="tests.test_workflow_iter31.TestExchangeUploads" name="test_photo_accepts_jpg_png_webp" time="0.559" /><testcase classname="tests.test_workflow_iter31.TestExchangeUploads" name="test_photo_6th_rejected" time="1.036" /><testcase classname="tests.test_workflow_iter31.TestExchangeUploads" name="test_delete_media_by_url_and_unknown_404" time="0.587" /><testcase classname="tests.test_workflow_iter31.TestMyListings" name="test_my_listings_includes_drafts_and_published" time="0.554" /><testcase classname="tests.test_workflow_iter31.TestGmailOAuthExtraction" name="test_exchange_validation_422" time="0.107" /><testcase classname="tests.test_workflow_iter31.TestGmailOAuthExtraction" name="test_refresh_returns_404_when_no_cred" time="0.104" /><testcase classname="tests.test_workflow_iter31.TestOverwatchWebSocket" name="test_no_token_rejected" time="0.212" /><testcase classname="tests.test_workflow_iter31.TestOverwatchWebSocket" name="test_non_admin_rejected" time="0.146" /><testcase classname="tests.test_workflow_iter31.TestOverwatchWebSocket" name="test_admin_connect_and_receive" time="0.217" /><testcase classname="tests.test_workflow_iter31.TestRegressionPatch" name="test_patch_node_bad_data_422" time="0.264" /><testcase classname="tests.test_workflow_iter31.TestRegressionBYOK" name="test_byok_roundtrip_via_credentials" time="0.222" /><testcase classname="tests.test_workflow_iter31.TestZRateLimit" name="test_login_429_after_burst" time="1.032" /><testcase classname="tests.test_workflow_iter31.TestZRateLimit" name="test_register_429_after_burst" time="1.816" /><testcase classname="tests.test_workflow_iter31.TestZRateLimit" name="test_forgot_password_429_after_burst" time="1.978" /></testsuite></testsuites>