<?xml version="1.0" encoding="utf-8"?><testsuites name="pytest tests"><testsuite name="pytest" errors="0" failures="0" skipped="0" tests="63" time="67.387" timestamp="2026-06-03T13:59:57.688575+00:00" hostname="agent-env-e1a74972-928b-48c7-ab8d-0a24f5d55f92"><testcase classname="backend.tests.test_iter45_hosting_enforcement" name="test_publish_blocked_without_subscription" time="0.805" /><testcase classname="backend.tests.test_iter45_hosting_enforcement" name="test_publish_succeeds_under_cap_and_increments" time="0.764" /><testcase classname="backend.tests.test_iter45_hosting_enforcement" name="test_publish_blocked_when_cap_hit" time="0.786" /><testcase classname="backend.tests.test_iter45_hosting_enforcement" name="test_delete_published_releases_quota" time="0.397" /><testcase classname="backend.tests.test_iter45_hosting_enforcement" name="test_delist_releases_quota" time="0.537" /><testcase classname="backend.tests.test_iter45_hosting_enforcement" name="test_expire_lapsed_subscriptions_helper" time="0.030" /><testcase classname="backend.tests.test_iter45_hosting_enforcement" name="test_publish_blocked_when_sub_expired" time="0.439" /><testcase classname="backend.tests.test_iter45_hosting_enforcement" name="test_decrement_agents_helper" time="0.043" /><testcase classname="backend.tests.test_iter45_hosting_enforcement" name="test_admin_role_bypasses_quota_but_counter_increments" time="0.766" /><testcase classname="backend.tests.test_iter44_p7_part3_hosting" name="test_tiers_catalogue_is_public" time="0.151" /><testcase classname="backend.tests.test_iter44_p7_part3_hosting" name="test_me_returns_null_when_no_subscription" time="0.485" /><testcase classname="backend.tests.test_iter44_p7_part3_hosting" name="test_usage_no_subscription" time="0.158" /><testcase classname="backend.tests.test_iter44_p7_part3_hosting" name="test_checkout_invalid_tier" time="0.116" /><testcase classname="backend.tests.test_iter44_p7_part3_hosting" name="test_checkout_creates_stripe_session" time="0.661" /><testcase classname="backend.tests.test_iter44_p7_part3_hosting" name="test_activate_requires_paid_payment" time="0.535" /><testcase classname="backend.tests.test_iter44_p7_part3_hosting" name="test_activate_idempotent_after_paid" time="0.646" /><testcase classname="backend.tests.test_iter44_p7_part3_hosting" name="test_activate_409_when_dup_tier" time="0.150" /><testcase classname="backend.tests.test_iter44_p7_part3_hosting" name="test_usage_with_active_sub" time="0.112" /><testcase classname="backend.tests.test_iter44_p7_part3_hosting" name="test_increment_executions_helper" time="0.006" /><testcase classname="backend.tests.test_iter44_p7_part3_hosting" name="test_can_publish_helper" time="0.005" /><testcase classname="backend.tests.test_iter44_p7_part3_hosting" name="test_cancel_flips_status" time="0.143" /><testcase classname="backend.tests.test_iter44_p7_part3_hosting" name="test_cancel_404_when_no_active" time="0.116" /><testcase classname="backend.tests.test_iter44_p7_part3_hosting" name="test_external_agent_run_increments_hosting_executions" time="3.208" /><testcase classname="backend.tests.test_iter44_p7_part3_hosting" name="test_cleanup_admin_subs" time="0.006" /><testcase classname="backend.tests.test_iter43_p7_part2_runtime" name="test_install_status_before_install" time="0.775" /><testcase classname="backend.tests.test_iter43_p7_part2_runtime" name="test_run_before_install_409" time="0.431" /><testcase classname="backend.tests.test_iter43_p7_part2_runtime" name="test_install_and_run_no_deps" time="3.286" /><testcase classname="backend.tests.test_iter43_p7_part2_runtime" name="test_install_idempotent" time="3.124" /><testcase classname="backend.tests.test_iter43_p7_part2_runtime" name="test_run_timeout_kills_subprocess" time="5.077" /><testcase classname="backend.tests.test_iter43_p7_part2_runtime" name="test_run_with_async_entry" time="3.281" /><testcase classname="backend.tests.test_iter43_p7_part2_runtime" name="test_run_with_multi_file_imports" time="3.158" /><testcase classname="backend.tests.test_iter43_p7_part2_runtime" name="test_run_with_allowed_dependency" time="4.001" /><testcase classname="backend.tests.test_iter43_p7_part2_runtime" name="test_delete_removes_disk_artifacts" time="2.954" /><testcase classname="backend.tests.test_iter43_p7_part2_runtime" name="test_unknown_package_404" time="0.470" /><testcase classname="backend.tests.test_iter42_p7_webhooks_onboarding.TestWhitelist" name="test_public_whitelist" time="0.121" /><testcase classname="backend.tests.test_iter42_p7_webhooks_onboarding.TestExternalAgentUpload" name="test_valid_upload" time="0.499" /><testcase classname="backend.tests.test_iter42_p7_webhooks_onboarding.TestExternalAgentUpload" name="test_corrupt_zip_rejected" time="0.110" /><testcase classname="backend.tests.test_iter42_p7_webhooks_onboarding.TestExternalAgentUpload" name="test_missing_manifest_rejected" time="0.152" /><testcase classname="backend.tests.test_iter42_p7_webhooks_onboarding.TestExternalAgentUpload" name="test_manifest_missing_field" time="0.115" /><testcase classname="backend.tests.test_iter42_p7_webhooks_onboarding.TestExternalAgentUpload" name="test_disallowed_packages" time="0.113" /><testcase classname="backend.tests.test_iter42_p7_webhooks_onboarding.TestExternalAgentUpload" name="test_ast_banned_import_subprocess" time="0.131" /><testcase classname="backend.tests.test_iter42_p7_webhooks_onboarding.TestExternalAgentUpload" name="test_ast_banned_socket" time="0.176" /><testcase classname="backend.tests.test_iter42_p7_webhooks_onboarding.TestExternalAgentUpload" name="test_ast_from_os_system" time="0.124" /><testcase classname="backend.tests.test_iter42_p7_webhooks_onboarding.TestExternalAgentUpload" name="test_ast_eval_call" time="0.114" /><testcase classname="backend.tests.test_iter42_p7_webhooks_onboarding.TestExternalAgentUpload" name="test_ast_subclasses" time="0.120" /><testcase classname="backend.tests.test_iter42_p7_webhooks_onboarding.TestExternalAgentUpload" name="test_entry_function_missing" time="0.124" /><testcase classname="backend.tests.test_iter42_p7_webhooks_onboarding.TestPackageStorage" name="test_list_includes_uploaded" time="0.114" /><testcase classname="backend.tests.test_iter42_p7_webhooks_onboarding.TestPackageStorage" name="test_get_one_package" time="1.125" /><testcase classname="backend.tests.test_iter42_p7_webhooks_onboarding.TestPackageStorage" name="test_cross_user_404" time="0.562" /><testcase classname="backend.tests.test_iter42_p7_webhooks_onboarding.TestPackageStorage" name="test_delete_package" time="0.313" /><testcase classname="backend.tests.test_iter42_p7_webhooks_onboarding.TestOnboarding" name="test_onboarding_state_endpoint_works" time="0.120" /><testcase classname="backend.tests.test_iter42_p7_webhooks_onboarding.TestOnboarding" name="test_complete_onboarding" time="0.227" /><testcase classname="backend.tests.test_iter42_p7_webhooks_onboarding.TestWebhookInfo" name="test_get_webhook_info" time="0.128" /><testcase classname="backend.tests.test_iter42_p7_webhooks_onboarding.TestWebhookInfo" name="test_cross_user_404" time="0.124" /><testcase classname="backend.tests.test_iter42_p7_webhooks_onboarding.TestWebhookFire" name="test_fire_with_correct_key" time="0.244" /><testcase classname="backend.tests.test_iter42_p7_webhooks_onboarding.TestWebhookFire" name="test_fire_no_key" time="0.117" /><testcase classname="backend.tests.test_iter42_p7_webhooks_onboarding.TestWebhookFire" name="test_fire_wrong_key" time="5.211" /><testcase classname="backend.tests.test_iter42_p7_webhooks_onboarding.TestWebhookFire" name="test_fire_unknown_deployment" time="3.219" /><testcase classname="backend.tests.test_iter42_p7_webhooks_onboarding.TestWebhookFire" name="test_hmac_correct" time="11.419" /><testcase classname="backend.tests.test_iter42_p7_webhooks_onboarding.TestWebhookFire" name="test_hmac_wrong" time="0.157" /><testcase classname="backend.tests.test_iter42_p7_webhooks_onboarding.TestWebhookEvents" name="test_event_persisted" time="1.117" /><testcase classname="backend.tests.test_iter42_p7_webhooks_onboarding.TestWebhookRotate" name="test_rotate_invalidates_old_key" time="0.553" /><testcase classname="backend.tests.test_iter42_p7_webhooks_onboarding.TestRealRuntime" name="test_run_real_executes_main_py" time="0.208" /></testsuite></testsuites>