<?xml version="1.0" encoding="utf-8"?><testsuites name="pytest tests"><testsuite name="pytest" errors="0" failures="0" skipped="0" tests="89" time="17.589" timestamp="2026-05-27T13:30:15.182547+00:00" hostname="agent-env-e1a74972-928b-48c7-ab8d-0a24f5d55f92"><testcase classname="tests.test_workflow_routes.TestEngineStatus" name="test_engine_status_requires_auth" time="0.262" /><testcase classname="tests.test_workflow_routes.TestEngineStatus" name="test_engine_status_admin" time="0.472" /><testcase classname="tests.test_workflow_routes.TestTemplates" name="test_list_templates" time="0.097" /><testcase classname="tests.test_workflow_routes.TestTemplates" name="test_list_templates_category_filter" time="0.146" /><testcase classname="tests.test_workflow_routes.TestTemplates" name="test_get_single_template" time="0.138" /><testcase classname="tests.test_workflow_routes.TestTemplates" name="test_get_template_404" time="0.052" /><testcase classname="tests.test_workflow_routes.TestForkAndCRUD" name="test_list_user_workflows_includes_fork" time="0.193" /><testcase classname="tests.test_workflow_routes.TestForkAndCRUD" name="test_get_own_workflow" time="0.048" /><testcase classname="tests.test_workflow_routes.TestForkAndCRUD" name="test_isolation_other_user_cannot_see" time="0.506" /><testcase classname="tests.test_workflow_routes.TestForkAndCRUD" name="test_isolation_other_user_cannot_delete" time="0.060" /><testcase classname="tests.test_workflow_routes.TestForkAndCRUD" name="test_delete_own_workflow" time="0.114" /><testcase classname="tests.test_workflow_routes.TestExecution" name="test_execute_transform_double" time="0.224" /><testcase classname="tests.test_workflow_routes.TestExecution" name="test_execute_condition_branch" time="0.210" /><testcase classname="tests.test_workflow_routes.TestExecution" name="test_execute_ssrf_blocked" time="0.149" /><testcase classname="tests.test_workflow_routes.TestExecution" name="test_execute_http_external" time="1.373" /><testcase classname="tests.test_workflow_routes.TestExecution" name="test_run_persisted_in_db" time="0.211" /><testcase classname="tests.test_workflow_routes.TestGuardrails" name="test_cycle_rejected" time="0.158" /><testcase classname="tests.test_workflow_routes.TestGuardrails" name="test_over_50_nodes_rejected" time="0.153" /><testcase classname="tests.test_workflow_routes.TestComputeGate" name="test_freeuser_at_limit_gated" time="0.266" /><testcase classname="tests.test_workflow_routes.TestComputeGate" name="test_freeuser_template_execute_gated" time="0.146" /><testcase classname="tests.test_workflow_routes.TestTemplateDirectExecute" name="test_admin_can_execute_template" time="0.141" /><testcase classname="tests.test_workflow_routes.TestN8nProxyRemoved" name="test_n8n_status_route_gone" time="0.062" /><testcase classname="tests.test_workflow_routes.TestSaveEndpoint" name="test_save_creates_runtime_workflow" time="0.150" /><testcase classname="tests.test_workflow_routes.TestSaveEndpoint" name="test_save_idempotent_same_studio_id" time="0.204" /><testcase classname="tests.test_workflow_routes.TestSaveEndpoint" name="test_save_over_50_nodes_rejected" time="0.049" /><testcase classname="tests.test_workflow_routes.TestSaveEndpoint" name="test_save_non_list_nodes_rejected" time="0.051" /><testcase classname="tests.test_workflow_routes.TestSaveEndpoint" name="test_save_empty_workflow_allowed_then_execute_no_keyerror" time="0.164" /><testcase classname="tests.test_workflow_routes.TestSaveEndpoint" name="test_save_isolation_between_users" time="0.149" /><testcase classname="tests.test_workflow_routes.TestSaveEndpoint" name="test_save_requires_auth" time="0.133" /><testcase classname="tests.test_workflow_routes.TestPatchNodeData" name="test_patch_updates_only_target_node" time="0.233" /><testcase classname="tests.test_workflow_routes.TestPatchNodeData" name="test_patch_wrong_workflow_returns_404" time="0.176" /><testcase classname="tests.test_workflow_routes.TestPatchNodeData" name="test_patch_nonexistent_node_returns_404" time="0.159" /><testcase classname="tests.test_workflow_routes.TestPatchNodeData" name="test_full_loop_save_patch_execute" time="0.256" /><testcase classname="tests.test_workflow_iter28.TestBYOKCredentials" name="test_list_credentials_empty_with_supported_services" time="0.253" /><testcase classname="tests.test_workflow_iter28.TestBYOKCredentials" name="test_save_credential_success" time="0.271" /><testcase classname="tests.test_workflow_iter28.TestBYOKCredentials" name="test_save_credential_is_idempotent" time="0.416" /><testcase classname="tests.test_workflow_iter28.TestBYOKCredentials" name="test_save_credential_bogus_service_400" time="0.251" /><testcase classname="tests.test_workflow_iter28.TestBYOKCredentials" name="test_save_credential_empty_api_key_400" time="0.252" /><testcase classname="tests.test_workflow_iter28.TestBYOKCredentials" name="test_save_credential_extra_not_dict_400" time="0.257" /><testcase classname="tests.test_workflow_iter28.TestBYOKCredentials" name="test_list_credentials_masks_api_key" time="0.300" /><testcase classname="tests.test_workflow_iter28.TestBYOKCredentials" name="test_delete_credential_then_404" time="0.366" /><testcase classname="tests.test_workflow_iter28.TestBYOKCredentials" name="test_byok_isolation_between_users" time="0.313" /><testcase classname="tests.test_workflow_iter28.TestDeepMergePatch" name="test_patch_preserves_sibling_headers" time="0.145" /><testcase classname="tests.test_workflow_iter28.TestDeepMergePatch" name="test_patch_oversize_50kb_rejected" time="0.180" /><testcase classname="tests.test_workflow_iter28.TestSaveValidation" name="test_save_missing_studio_id_400" time="0.047" /><testcase classname="tests.test_workflow_iter28.TestSaveValidation" name="test_save_whitespace_studio_id_400" time="0.048" /><testcase classname="tests.test_workflow_iter28.TestActionNodeDispatch" name="test_action_slack_without_byok_returns_error" time="0.202" /><testcase classname="tests.test_workflow_iter28.TestActionNodeDispatch" name="test_action_unknown_service_skipped" time="0.143" /><testcase classname="tests.test_workflow_iter28.TestAsyncDispatch" name="test_dispatch_returns_job_id_queued" time="0.697" /><testcase classname="tests.test_workflow_iter28.TestAsyncDispatch" name="test_dispatch_nonexistent_workflow_404" time="0.054" /><testcase classname="tests.test_workflow_iter28.TestAsyncDispatch" name="test_dispatch_other_user_job_404" time="0.222" /><testcase classname="tests.test_workflow_iter28.TestAsyncDispatch" name="test_dispatch_compute_limit_freeuser" time="0.255" /><testcase classname="tests.test_workflow_iter28.TestTemplateExecuteLogsRun" name="test_template_execute_returns_run_id_persisted" time="0.140" /><testcase classname="tests.test_workflow_iter28.TestRunsEndpoint" name="test_list_runs_for_own_workflow" time="0.363" /><testcase classname="tests.test_workflow_iter28.TestRunsEndpoint" name="test_list_runs_other_user_404" time="0.160" /><testcase classname="tests.test_workflow_iter28.TestAuthRoutesExtracted" name="test_login" time="0.366" /><testcase classname="tests.test_workflow_iter28.TestAuthRoutesExtracted" name="test_me" time="0.047" /><testcase classname="tests.test_workflow_iter28.TestAuthRoutesExtracted" name="test_register_new" time="0.353" /><testcase classname="tests.test_workflow_iter28.TestAuthRoutesExtracted" name="test_forgot_password" time="0.140" /><testcase classname="tests.test_workflow_iter28.TestAuthRoutesExtracted" name="test_reset_password_invalid_token" time="0.116" /><testcase classname="tests.test_workflow_iter28.TestEngineV1_1" name="test_engine_status_v1_1" time="0.049" /><testcase classname="tests.test_workflow_iter28.TestRouteOrdering" name="test_credentials_route_not_swallowed" time="0.046" /><testcase classname="tests.test_workflow_iter28.TestRouteOrdering" name="test_engine_status_route_not_swallowed" time="0.048" /><testcase classname="tests.test_workflow_iter28.TestRouteOrdering" name="test_jobs_nonexistent_returns_404_not_workflow_not_found" time="0.049" /><testcase classname="tests.test_workflow_iter29.TestBYOKEncryption" name="test_stored_value_is_encrypted_with_prefix" time="0.158" /><testcase classname="tests.test_workflow_iter29.TestBYOKEncryption" name="test_masked_field_shows_last4_of_plaintext_not_ciphertext" time="0.150" /><testcase classname="tests.test_workflow_iter29.TestBYOKEncryption" name="test_legacy_plaintext_row_still_readable" time="0.150" /><testcase classname="tests.test_workflow_iter29.TestBYOKEncryption" name="test_action_slack_decrypts_byok_and_calls_handler" time="0.460" /><testcase classname="tests.test_workflow_iter29.TestBYOKPydanticValidation" name="test_bogus_service_returns_422" time="0.051" /><testcase classname="tests.test_workflow_iter29.TestBYOKPydanticValidation" name="test_empty_api_key_returns_422" time="0.048" /><testcase classname="tests.test_workflow_iter29.TestBYOKPydanticValidation" name="test_oversize_api_key_returns_422" time="0.048" /><testcase classname="tests.test_workflow_iter29.TestBYOKPydanticValidation" name="test_extra_as_list_returns_422" time="0.050" /><testcase classname="tests.test_workflow_iter29.TestSaveCanvasPydantic" name="test_missing_studio_id_returns_422" time="0.047" /><testcase classname="tests.test_workflow_iter29.TestSaveCanvasPydantic" name="test_empty_studio_id_returns_422" time="0.047" /><testcase classname="tests.test_workflow_iter29.TestSaveCanvasPydantic" name="test_whitespace_studio_id_returns_422" time="0.047" /><testcase classname="tests.test_workflow_iter29.TestSaveCanvasPydantic" name="test_nodes_not_array_returns_422" time="0.053" /><testcase classname="tests.test_workflow_iter29.TestSaveCanvasPydantic" name="test_name_too_long_returns_422" time="0.047" /><testcase classname="tests.test_workflow_iter29.TestRunsPagination" name="test_runs_returns_pagination_envelope" time="0.213" /><testcase classname="tests.test_workflow_iter29.TestRunsPagination" name="test_runs_list_strips_node_results" time="0.204" /><testcase classname="tests.test_workflow_iter29.TestRunsPagination" name="test_runs_limit_skip_paginates" time="0.832" /><testcase classname="tests.test_workflow_iter29.TestRunsPagination" name="test_runs_limit_clamped_to_100" time="0.149" /><testcase classname="tests.test_workflow_iter29.TestRunsPagination" name="test_run_detail_returns_node_results" time="0.251" /><testcase classname="tests.test_workflow_iter29.TestRunsPagination" name="test_run_detail_other_user_404" time="0.263" /><testcase classname="tests.test_workflow_iter29.TestStripeExtracted" name="test_checkout_route_exists" time="0.052" /><testcase classname="tests.test_workflow_iter29.TestStripeExtracted" name="test_status_nonexistent_session_returns_404" time="0.049" /><testcase classname="tests.test_workflow_iter29.TestStripeExtracted" name="test_webhook_bad_signature_returns_200_with_error" time="0.112" /><testcase classname="tests.test_workflow_iter29.TestStaleJobSweeper" name="test_mark_stale_jobs_failed_sweeps_old_running" time="0.118" /><testcase classname="tests.test_workflow_iter29.TestBulkTemplates" name="test_engine_status_templates_available_280plus" time="0.099" /><testcase classname="tests.test_workflow_iter29.TestBulkTemplates" name="test_templates_list_with_limit_200" time="0.160" /></testsuite></testsuites>