<?xml version="1.0" encoding="utf-8"?><testsuites name="pytest tests"><testsuite name="pytest" errors="0" failures="0" skipped="0" tests="25" time="6.677" timestamp="2026-06-02T23:26:04.137804+00:00" hostname="agent-env-e1a74972-928b-48c7-ab8d-0a24f5d55f92"><testcase classname="backend.tests.test_iter39_credits_promo_deploy" name="test_admin_login_returns_admin_role" time="0.358" /><testcase classname="backend.tests.test_iter39_credits_promo_deploy" name="test_credits_me_admin_unlimited" time="0.123" /><testcase classname="backend.tests.test_iter39_credits_promo_deploy" name="test_credits_topup_checkout_creates_stripe_session" time="0.532" /><testcase classname="backend.tests.test_iter39_credits_promo_deploy" name="test_promo_admin_mint" time="0.136" /><testcase classname="backend.tests.test_iter39_credits_promo_deploy" name="test_promo_list_admin" time="0.115" /><testcase classname="backend.tests.test_iter39_credits_promo_deploy" name="test_promo_non_admin_403" time="0.575" /><testcase classname="backend.tests.test_iter39_credits_promo_deploy" name="test_promo_user_redeems_and_double_redeem_blocked" time="0.235" /><testcase classname="backend.tests.test_iter39_credits_promo_deploy" name="test_promo_delete_disables" time="0.246" /><testcase classname="backend.tests.test_iter39_credits_promo_deploy" name="test_newsletter_subscribe_public" time="0.113" /><testcase classname="backend.tests.test_iter39_credits_promo_deploy" name="test_newsletter_subscribe_idempotent" time="0.140" /><testcase classname="backend.tests.test_iter39_credits_promo_deploy" name="test_newsletter_subscribers_admin_only" time="0.227" /><testcase classname="backend.tests.test_iter39_credits_promo_deploy" name="test_newsletter_unsubscribe" time="0.127" /><testcase classname="backend.tests.test_iter39_credits_promo_deploy" name="test_deployments_me_admin" time="0.117" /><testcase classname="backend.tests.test_iter39_credits_promo_deploy" name="test_deployments_free_404_on_missing_listing" time="0.098" /><testcase classname="backend.tests.test_iter39_credits_promo_deploy" name="test_deployments_checkout_creates_stripe_for_paid_listing" time="0.543" /><testcase classname="backend.tests.test_iter39_credits_promo_deploy" name="test_armory_build_bot_requires_auth" time="0.141" /><testcase classname="backend.tests.test_iter39_credits_promo_deploy" name="test_exchange_listings_public" time="0.156" /><testcase classname="backend.tests.test_iter39_credits_promo_deploy" name="test_exchange_direct_invalid_trigger_422" time="0.134" /><testcase classname="backend.tests.test_iter39_credits_promo_deploy" name="test_byok_stripe_roundtrip_and_probe" time="0.450" /><testcase classname="backend.tests.test_iter39_credits_promo_deploy" name="test_byok_whitelist_rejects_invalid_service" time="0.113" /><testcase classname="backend.tests.test_iter39_credits_promo_deploy" name="test_byok_probes_structured_response[stripe]" time="0.368" /><testcase classname="backend.tests.test_iter39_credits_promo_deploy" name="test_byok_probes_structured_response[openai]" time="0.390" /><testcase classname="backend.tests.test_iter39_credits_promo_deploy" name="test_byok_probes_structured_response[github]" time="0.370" /><testcase classname="backend.tests.test_iter39_credits_promo_deploy" name="test_byok_probes_structured_response[telegram]" time="0.603" /><testcase classname="backend.tests.test_iter39_credits_promo_deploy" name="test_byok_probes_structured_response[slack]" time="0.240" /></testsuite></testsuites>