<?xml version="1.0" encoding="utf-8"?><testsuites name="pytest tests"><testsuite name="pytest" errors="0" failures="0" skipped="2" tests="20" time="67.746" timestamp="2026-06-04T07:11:56.082931+00:00" hostname="agent-env-e1a74972-928b-48c7-ab8d-0a24f5d55f92"><testcase classname="backend.tests.test_iter59_share_security_emails.TestShareAndPublic" name="test_share_make_public" time="0.522" /><testcase classname="backend.tests.test_iter59_share_security_emails.TestShareAndPublic" name="test_share_idempotent_public" time="0.112" /><testcase classname="backend.tests.test_iter59_share_security_emails.TestShareAndPublic" name="test_share_unknown_slug_404" time="0.112" /><testcase classname="backend.tests.test_iter59_share_security_emails.TestShareAndPublic" name="test_share_cross_tenant_404" time="0.484" /><testcase classname="backend.tests.test_iter59_share_security_emails.TestShareAndPublic" name="test_render_public_anon_200" time="0.118" /><testcase classname="backend.tests.test_iter59_share_security_emails.TestShareAndPublic" name="test_public_run_by_stranger_debits_owner" time="0.310" /><testcase classname="backend.tests.test_iter59_share_security_emails.TestShareAndPublic" name="test_public_run_anon_behavior" time="0.114" /><testcase classname="backend.tests.test_iter59_share_security_emails.TestShareAndPublic" name="test_share_make_private" time="0.112" /><testcase classname="backend.tests.test_iter59_share_security_emails.TestShareAndPublic" name="test_private_run_by_stranger_403" time="0.100" /><testcase classname="backend.tests.test_iter59_share_security_emails.TestSecurityHeaders" name="test_global_headers_present" time="0.108" /><testcase classname="backend.tests.test_iter59_share_security_emails.TestSecurityHeaders" name="test_render_endpoint_iframe_headers" time="0.118" /><testcase classname="backend.tests.test_iter59_share_security_emails.TestRateLimits" name="test_vibe_generate_rate_limit_5_per_min" time="0.622" /><testcase classname="backend.tests.test_iter59_share_security_emails.TestRateLimits" name="test_vibe_chat_rate_limit_30_per_min" time="3.489" /><testcase classname="backend.tests.test_iter59_share_security_emails.TestEmailsFireAndForget" name="test_register_returns_fast_even_if_email_fails" time="0.108"><skipped type="pytest.skip" message="register endpoint hit anti-abuse network limit; fire-and-forget timing assertion deferred">/app/backend/tests/test_iter59_share_security_emails.py:183: register endpoint hit anti-abuse network limit; fire-and-forget timing assertion deferred</skipped></testcase><testcase classname="backend.tests.test_iter59_share_security_emails.TestEmailsFireAndForget" name="test_waitlist_returns_with_entry_id" time="0.114" /><testcase classname="backend.tests.test_iter59_share_security_emails.TestEmailsFireAndForget" name="test_forgot_password_no_token_leak_when_email_enabled" time="0.195" /><testcase classname="backend.tests.test_iter59_share_security_emails.TestEmailServiceModule" name="test_module_exports" time="0.068" /><testcase classname="backend.tests.test_iter59_share_security_emails.TestRegressions" name="test_login_token" time="0.000" /><testcase classname="backend.tests.test_iter59_share_security_emails.TestRegressions" name="test_register_grants_50_bonus" time="60.480"><skipped type="pytest.skip" message="register endpoint rate-limited or failing: status=429">/app/backend/tests/test_iter59_share_security_emails.py:256: register endpoint rate-limited or failing: status=429</skipped></testcase><testcase classname="backend.tests.test_iter59_share_security_emails.TestRegressions" name="test_admin_runtime_status_owner_only" time="0.408" /></testsuite></testsuites>