<?xml version="1.0" encoding="utf-8"?><testsuites name="pytest tests"><testsuite name="pytest" errors="0" failures="0" skipped="0" tests="15" time="8.446" timestamp="2026-06-03T12:22:56.956971+00:00" hostname="agent-env-e1a74972-928b-48c7-ab8d-0a24f5d55f92"><testcase classname="backend.tests.test_iter44_p7_part3_hosting" name="test_tiers_catalogue_is_public" time="0.239" /><testcase classname="backend.tests.test_iter44_p7_part3_hosting" name="test_me_returns_null_when_no_subscription" time="0.534" /><testcase classname="backend.tests.test_iter44_p7_part3_hosting" name="test_usage_no_subscription" time="0.125" /><testcase classname="backend.tests.test_iter44_p7_part3_hosting" name="test_checkout_invalid_tier" time="0.115" /><testcase classname="backend.tests.test_iter44_p7_part3_hosting" name="test_checkout_creates_stripe_session" time="0.576" /><testcase classname="backend.tests.test_iter44_p7_part3_hosting" name="test_activate_requires_paid_payment" time="0.553" /><testcase classname="backend.tests.test_iter44_p7_part3_hosting" name="test_activate_idempotent_after_paid" time="0.636" /><testcase classname="backend.tests.test_iter44_p7_part3_hosting" name="test_activate_409_when_dup_tier" time="0.122" /><testcase classname="backend.tests.test_iter44_p7_part3_hosting" name="test_usage_with_active_sub" time="0.108" /><testcase classname="backend.tests.test_iter44_p7_part3_hosting" name="test_increment_executions_helper" time="0.007" /><testcase classname="backend.tests.test_iter44_p7_part3_hosting" name="test_can_publish_helper" time="0.006" /><testcase classname="backend.tests.test_iter44_p7_part3_hosting" name="test_cancel_flips_status" time="0.117" /><testcase classname="backend.tests.test_iter44_p7_part3_hosting" name="test_cancel_404_when_no_active" time="0.114" /><testcase classname="backend.tests.test_iter44_p7_part3_hosting" name="test_external_agent_run_increments_hosting_executions" time="2.974" /><testcase classname="backend.tests.test_iter44_p7_part3_hosting" name="test_cleanup_admin_subs" time="0.007" /></testsuite></testsuites>