<?xml version="1.0" encoding="utf-8"?><testsuites name="pytest tests"><testsuite name="pytest" errors="0" failures="1" skipped="0" tests="11" time="8.541" timestamp="2026-06-03T09:39:11.304596+00:00" hostname="agent-env-e1a74972-928b-48c7-ab8d-0a24f5d55f92"><testcase classname="backend.tests.test_iter37_dual_pool_credits" name="test_credits_me_admin_shape" time="0.622" /><testcase classname="backend.tests.test_iter37_dual_pool_credits" name="test_fresh_user_balance_shape" time="0.444" /><testcase classname="backend.tests.test_iter37_dual_pool_credits" name="test_debit_priority_sub_first" time="3.116" /><testcase classname="backend.tests.test_iter37_dual_pool_credits" name="test_reset_subscription" time="0.564" /><testcase classname="backend.tests.test_iter37_dual_pool_credits" name="test_promo_redeem_topup" time="1.028" /><testcase classname="backend.tests.test_iter37_dual_pool_credits" name="test_topup_checkout_persists_payment_txn" time="0.516" /><testcase classname="backend.tests.test_iter37_dual_pool_credits" name="test_webhook_imports" time="0.000" /><testcase classname="backend.tests.test_iter37_dual_pool_credits" name="test_legacy_migration" time="0.003" /><testcase classname="backend.tests.test_iter37_dual_pool_credits" name="test_admin_debit_bypass" time="0.111" /><testcase classname="backend.tests.test_iter37_dual_pool_credits" name="test_ledger_fields" time="0.603" /><testcase classname="backend.tests.test_iter37_dual_pool_credits" name="test_build_bot_endpoint_insufficient_credits" time="1.409"><failure message="AssertionError: No build-bots succeeded; last=502&#10;assert 0 &gt;= 1">backend/tests/test_iter37_dual_pool_credits.py:353: in test_build_bot_endpoint_insufficient_credits
    assert success_count &gt;= 1, f"No build-bots succeeded; last={last_status}"
E   AssertionError: No build-bots succeeded; last=502
E   assert 0 &gt;= 1</failure></testcase></testsuite></testsuites>