<?xml version="1.0" encoding="utf-8"?><testsuites name="pytest tests"><testsuite name="pytest" errors="0" failures="0" skipped="0" tests="14" time="9.737" timestamp="2026-04-06T19:11:05.422151+00:00" hostname="agent-env-e1a74972-928b-48c7-ab8d-0a24f5d55f92"><testcase classname="backend.tests.test_manual_credential_bridge.TestCsdropLogin" name="test_csdrop_login_success" time="0.519" /><testcase classname="backend.tests.test_manual_credential_bridge.TestCsdropDashboard" name="test_dashboard_loads" time="0.515" /><testcase classname="backend.tests.test_manual_credential_bridge.TestSyncStatusEndpoint" name="test_sync_status_returns_expected_fields" time="0.178" /><testcase classname="backend.tests.test_manual_credential_bridge.TestManualLoginEndpoint" name="test_manual_login_requires_auth" time="0.227" /><testcase classname="backend.tests.test_manual_credential_bridge.TestManualLoginEndpoint" name="test_manual_login_validates_payload" time="0.305" /><testcase classname="backend.tests.test_manual_credential_bridge.TestManualLoginEndpoint" name="test_manual_login_starts_process" time="2.042" /><testcase classname="backend.tests.test_manual_credential_bridge.TestSubmit2FAEndpoint" name="test_submit_2fa_requires_auth" time="0.158" /><testcase classname="backend.tests.test_manual_credential_bridge.TestSubmit2FAEndpoint" name="test_submit_2fa_validates_code" time="0.770" /><testcase classname="backend.tests.test_manual_credential_bridge.TestSubmit2FAEndpoint" name="test_submit_2fa_validates_code_length" time="1.670" /><testcase classname="backend.tests.test_manual_credential_bridge.TestSyncStopEndpoint" name="test_sync_stop_requires_auth" time="0.132" /><testcase classname="backend.tests.test_manual_credential_bridge.TestSyncStopEndpoint" name="test_sync_stop_when_no_process" time="0.863" /><testcase classname="backend.tests.test_manual_credential_bridge.TestQRSyncRegression" name="test_sync_session_endpoint_exists" time="1.893" /><testcase classname="backend.tests.test_manual_credential_bridge.TestQRSyncRegression" name="test_sync_qr_image_endpoint_exists" time="0.161" /><testcase classname="backend.tests.test_manual_credential_bridge.TestHealthEndpoint" name="test_health_returns_expected_fields" time="0.104" /></testsuite></testsuites>