<?xml version="1.0" encoding="utf-8"?><testsuites name="pytest tests"><testsuite name="pytest" errors="0" failures="0" skipped="0" tests="64" time="16.391" timestamp="2026-05-27T13:15:07.855796+00:00" hostname="agent-env-e1a74972-928b-48c7-ab8d-0a24f5d55f92"><testcase classname="tests.test_workflow_routes.TestEngineStatus" name="test_engine_status_requires_auth" time="0.221" /><testcase classname="tests.test_workflow_routes.TestEngineStatus" name="test_engine_status_admin" time="0.462" /><testcase classname="tests.test_workflow_routes.TestTemplates" name="test_list_templates" time="0.064" /><testcase classname="tests.test_workflow_routes.TestTemplates" name="test_list_templates_category_filter" time="0.114" /><testcase classname="tests.test_workflow_routes.TestTemplates" name="test_get_single_template" time="0.113" /><testcase classname="tests.test_workflow_routes.TestTemplates" name="test_get_template_404" time="0.049" /><testcase classname="tests.test_workflow_routes.TestForkAndCRUD" name="test_list_user_workflows_includes_fork" time="0.202" /><testcase classname="tests.test_workflow_routes.TestForkAndCRUD" name="test_get_own_workflow" time="0.052" /><testcase classname="tests.test_workflow_routes.TestForkAndCRUD" name="test_isolation_other_user_cannot_see" time="0.450" /><testcase classname="tests.test_workflow_routes.TestForkAndCRUD" name="test_isolation_other_user_cannot_delete" time="0.048" /><testcase classname="tests.test_workflow_routes.TestForkAndCRUD" name="test_delete_own_workflow" time="0.105" /><testcase classname="tests.test_workflow_routes.TestExecution" name="test_execute_transform_double" time="0.214" /><testcase classname="tests.test_workflow_routes.TestExecution" name="test_execute_condition_branch" time="0.224" /><testcase classname="tests.test_workflow_routes.TestExecution" name="test_execute_ssrf_blocked" time="0.157" /><testcase classname="tests.test_workflow_routes.TestExecution" name="test_execute_http_external" time="4.574" /><testcase classname="tests.test_workflow_routes.TestExecution" name="test_run_persisted_in_db" time="0.215" /><testcase classname="tests.test_workflow_routes.TestGuardrails" name="test_cycle_rejected" time="0.158" /><testcase classname="tests.test_workflow_routes.TestGuardrails" name="test_over_50_nodes_rejected" time="0.156" /><testcase classname="tests.test_workflow_routes.TestComputeGate" name="test_freeuser_at_limit_gated" time="0.209" /><testcase classname="tests.test_workflow_routes.TestComputeGate" name="test_freeuser_template_execute_gated" time="0.105" /><testcase classname="tests.test_workflow_routes.TestTemplateDirectExecute" name="test_admin_can_execute_template" time="0.123" /><testcase classname="tests.test_workflow_routes.TestN8nProxyRemoved" name="test_n8n_status_route_gone" time="0.054" /><testcase classname="tests.test_workflow_routes.TestSaveEndpoint" name="test_save_creates_runtime_workflow" time="0.156" /><testcase classname="tests.test_workflow_routes.TestSaveEndpoint" name="test_save_idempotent_same_studio_id" time="0.212" /><testcase classname="tests.test_workflow_routes.TestSaveEndpoint" name="test_save_over_50_nodes_rejected" time="0.053" /><testcase classname="tests.test_workflow_routes.TestSaveEndpoint" name="test_save_non_list_nodes_rejected" time="0.049" /><testcase classname="tests.test_workflow_routes.TestSaveEndpoint" name="test_save_empty_workflow_allowed_then_execute_no_keyerror" time="0.154" /><testcase classname="tests.test_workflow_routes.TestSaveEndpoint" name="test_save_isolation_between_users" time="0.156" /><testcase classname="tests.test_workflow_routes.TestSaveEndpoint" name="test_save_requires_auth" time="0.139" /><testcase classname="tests.test_workflow_routes.TestPatchNodeData" name="test_patch_updates_only_target_node" time="0.212" /><testcase classname="tests.test_workflow_routes.TestPatchNodeData" name="test_patch_wrong_workflow_returns_404" time="0.151" /><testcase classname="tests.test_workflow_routes.TestPatchNodeData" name="test_patch_nonexistent_node_returns_404" time="0.151" /><testcase classname="tests.test_workflow_routes.TestPatchNodeData" name="test_full_loop_save_patch_execute" time="0.272" /><testcase classname="tests.test_workflow_iter28.TestBYOKCredentials" name="test_list_credentials_empty_with_supported_services" time="0.255" /><testcase classname="tests.test_workflow_iter28.TestBYOKCredentials" name="test_save_credential_success" time="0.262" /><testcase classname="tests.test_workflow_iter28.TestBYOKCredentials" name="test_save_credential_is_idempotent" time="0.344" /><testcase classname="tests.test_workflow_iter28.TestBYOKCredentials" name="test_save_credential_bogus_service_400" time="0.255" /><testcase classname="tests.test_workflow_iter28.TestBYOKCredentials" name="test_save_credential_empty_api_key_400" time="0.265" /><testcase classname="tests.test_workflow_iter28.TestBYOKCredentials" name="test_save_credential_extra_not_dict_400" time="0.264" /><testcase classname="tests.test_workflow_iter28.TestBYOKCredentials" name="test_list_credentials_masks_api_key" time="0.298" /><testcase classname="tests.test_workflow_iter28.TestBYOKCredentials" name="test_delete_credential_then_404" time="0.350" /><testcase classname="tests.test_workflow_iter28.TestBYOKCredentials" name="test_byok_isolation_between_users" time="0.291" /><testcase classname="tests.test_workflow_iter28.TestDeepMergePatch" name="test_patch_preserves_sibling_headers" time="0.160" /><testcase classname="tests.test_workflow_iter28.TestDeepMergePatch" name="test_patch_oversize_50kb_rejected" time="0.175" /><testcase classname="tests.test_workflow_iter28.TestSaveValidation" name="test_save_missing_studio_id_400" time="0.050" /><testcase classname="tests.test_workflow_iter28.TestSaveValidation" name="test_save_whitespace_studio_id_400" time="0.050" /><testcase classname="tests.test_workflow_iter28.TestActionNodeDispatch" name="test_action_slack_without_byok_returns_error" time="0.208" /><testcase classname="tests.test_workflow_iter28.TestActionNodeDispatch" name="test_action_unknown_service_skipped" time="0.152" /><testcase classname="tests.test_workflow_iter28.TestAsyncDispatch" name="test_dispatch_returns_job_id_queued" time="0.712" /><testcase classname="tests.test_workflow_iter28.TestAsyncDispatch" name="test_dispatch_nonexistent_workflow_404" time="0.058" /><testcase classname="tests.test_workflow_iter28.TestAsyncDispatch" name="test_dispatch_other_user_job_404" time="0.215" /><testcase classname="tests.test_workflow_iter28.TestAsyncDispatch" name="test_dispatch_compute_limit_freeuser" time="0.215" /><testcase classname="tests.test_workflow_iter28.TestTemplateExecuteLogsRun" name="test_template_execute_returns_run_id_persisted" time="0.119" /><testcase classname="tests.test_workflow_iter28.TestRunsEndpoint" name="test_list_runs_for_own_workflow" time="0.386" /><testcase classname="tests.test_workflow_iter28.TestRunsEndpoint" name="test_list_runs_other_user_404" time="0.143" /><testcase classname="tests.test_workflow_iter28.TestAuthRoutesExtracted" name="test_login" time="0.376" /><testcase classname="tests.test_workflow_iter28.TestAuthRoutesExtracted" name="test_me" time="0.050" /><testcase classname="tests.test_workflow_iter28.TestAuthRoutesExtracted" name="test_register_new" time="0.339" /><testcase classname="tests.test_workflow_iter28.TestAuthRoutesExtracted" name="test_forgot_password" time="0.116" /><testcase classname="tests.test_workflow_iter28.TestAuthRoutesExtracted" name="test_reset_password_invalid_token" time="0.111" /><testcase classname="tests.test_workflow_iter28.TestEngineV1_1" name="test_engine_status_v1_1" time="0.056" /><testcase classname="tests.test_workflow_iter28.TestRouteOrdering" name="test_credentials_route_not_swallowed" time="0.048" /><testcase classname="tests.test_workflow_iter28.TestRouteOrdering" name="test_engine_status_route_not_swallowed" time="0.052" /><testcase classname="tests.test_workflow_iter28.TestRouteOrdering" name="test_jobs_nonexistent_returns_404_not_workflow_not_found" time="0.059" /></testsuite></testsuites>