<?xml version="1.0" encoding="utf-8"?><testsuites name="pytest tests"><testsuite name="pytest" errors="0" failures="0" skipped="0" tests="14" time="9.837" timestamp="2026-04-06T19:46:51.907912+00:00" hostname="agent-env-e1a74972-928b-48c7-ab8d-0a24f5d55f92"><testcase classname="backend.tests.test_proxy_error_handling.TestCsdropAuth" name="test_csdrop_login_success" time="0.457" /><testcase classname="backend.tests.test_proxy_error_handling.TestProxyEndpoint" name="test_test_proxy_requires_auth" time="0.114" /><testcase classname="backend.tests.test_proxy_error_handling.TestProxyEndpoint" name="test_test_proxy_returns_expected_fields" time="3.565" /><testcase classname="backend.tests.test_proxy_error_handling.TestProxyEndpoint" name="test_test_proxy_407_response_format" time="3.192" /><testcase classname="backend.tests.test_proxy_error_handling.TestBotSignalEndpoint" name="test_bot_signal_requires_auth" time="0.133" /><testcase classname="backend.tests.test_proxy_error_handling.TestBotSignalEndpoint" name="test_bot_signal_returns_null_when_no_file" time="0.554" /><testcase classname="backend.tests.test_proxy_error_handling.TestBotSignalEndpoint" name="test_bot_signal_reads_strike_paused_proxy_407" time="0.129" /><testcase classname="backend.tests.test_proxy_error_handling.TestBotSignalEndpoint" name="test_bot_signal_reads_other_signals" time="0.109" /><testcase classname="backend.tests.test_proxy_error_handling.TestBotSignalEndpoint" name="test_bot_signal_handles_signal_without_reason" time="0.124" /><testcase classname="backend.tests.test_proxy_error_handling.TestDashboardRegression" name="test_csdrop_dashboard_loads" time="0.490" /><testcase classname="backend.tests.test_proxy_error_handling.TestDashboardRegression" name="test_csdrop_health_endpoint" time="0.120" /><testcase classname="backend.tests.test_proxy_error_handling.TestDashboardRegression" name="test_csdrop_executions_endpoint" time="0.127" /><testcase classname="backend.tests.test_proxy_error_handling.TestDashboardRegression" name="test_csdrop_logs_endpoint" time="0.121" /><testcase classname="backend.tests.test_proxy_error_handling.TestSyncEndpointsRegression" name="test_sync_status_endpoint" time="0.501" /></testsuite></testsuites>