<?xml version="1.0" encoding="utf-8"?><testsuites name="pytest tests"><testsuite name="pytest" errors="0" failures="0" skipped="0" tests="19" time="16.383" timestamp="2026-03-26T17:46:54.378201+00:00" hostname="agent-env-e1a74972-928b-48c7-ab8d-0a24f5d55f92"><testcase classname="backend.tests.test_session_sync.TestSessionSyncAuth" name="test_sync_session_requires_auth" time="0.969" /><testcase classname="backend.tests.test_session_sync.TestSessionSyncAuth" name="test_sync_status_requires_auth" time="0.835" /><testcase classname="backend.tests.test_session_sync.TestSessionSyncAuth" name="test_sync_stop_requires_auth" time="0.847" /><testcase classname="backend.tests.test_session_sync.TestSessionSyncAuth" name="test_sync_qr_no_auth_required" time="0.777" /><testcase classname="backend.tests.test_session_sync.TestSessionSyncAuth" name="test_sync_session_rejects_non_csdrop_user" time="0.848" /><testcase classname="backend.tests.test_session_sync.TestSessionSyncAuth" name="test_sync_status_rejects_non_csdrop_user" time="0.800" /><testcase classname="backend.tests.test_session_sync.TestSessionSyncAuth" name="test_sync_stop_rejects_non_csdrop_user" time="0.828" /><testcase classname="backend.tests.test_session_sync.TestSyncStatusEndpoint" name="test_sync_status_returns_expected_fields" time="0.449" /><testcase classname="backend.tests.test_session_sync.TestSyncStatusEndpoint" name="test_sync_status_idle_when_no_sync" time="1.085" /><testcase classname="backend.tests.test_session_sync.TestSyncStopEndpoint" name="test_sync_stop_when_no_sync_running" time="1.128" /><testcase classname="backend.tests.test_session_sync.TestSyncQREndpoint" name="test_sync_qr_returns_404_when_no_qr" time="0.130" /><testcase classname="backend.tests.test_session_sync.TestSyncQREndpoint" name="test_sync_qr_no_auth_header_needed" time="0.112" /><testcase classname="backend.tests.test_session_sync.TestSyncSessionEndpoint" name="test_sync_session_rejects_if_bot_running" time="0.453" /><testcase classname="backend.tests.test_session_sync.TestSyncSessionEndpoint" name="test_sync_session_rejects_duplicate_sync" time="2.016" /><testcase classname="backend.tests.test_session_sync.TestSyncSessionFlow" name="test_full_sync_flow" time="3.194" /><testcase classname="backend.tests.test_session_sync.TestRegressionCSDROP" name="test_csdrop_health_still_works" time="0.451" /><testcase classname="backend.tests.test_session_sync.TestRegressionCSDROP" name="test_csdrop_live_feed_still_works" time="0.483" /><testcase classname="backend.tests.test_session_sync.TestRegressionCSDROP" name="test_csdrop_dashboard_still_works" time="0.424" /><testcase classname="backend.tests.test_session_sync.TestRegressionCSDROP" name="test_csdrop_bot_logs_still_works" time="0.452" /></testsuite></testsuites>