<?xml version="1.0" encoding="utf-8"?><testsuites name="pytest tests"><testsuite name="pytest" errors="0" failures="0" skipped="0" tests="31" time="39.843" timestamp="2026-03-26T15:13:33.677052+00:00" hostname="agent-env-e1a74972-928b-48c7-ab8d-0a24f5d55f92"><testcase classname="backend.tests.test_dashboard_sandbox_v8.TestDashboardStats" name="test_dashboard_stats_requires_auth" time="0.173" /><testcase classname="backend.tests.test_dashboard_sandbox_v8.TestDashboardStats" name="test_dashboard_stats_returns_data" time="0.518" /><testcase classname="backend.tests.test_dashboard_sandbox_v8.TestDashboardStats" name="test_free_tier_limit_is_3" time="0.474" /><testcase classname="backend.tests.test_dashboard_sandbox_v8.TestAgentCRUD" name="test_list_agents_empty_or_existing" time="0.504" /><testcase classname="backend.tests.test_dashboard_sandbox_v8.TestAgentCRUD" name="test_create_agent_with_valid_code" time="0.569" /><testcase classname="backend.tests.test_dashboard_sandbox_v8.TestAgentCRUD" name="test_create_agent_with_blocked_import_os" time="0.489" /><testcase classname="backend.tests.test_dashboard_sandbox_v8.TestAgentCRUD" name="test_create_agent_with_blocked_import_subprocess" time="0.540" /><testcase classname="backend.tests.test_dashboard_sandbox_v8.TestAgentCRUD" name="test_create_agent_with_blocked_pattern_eval" time="0.443" /><testcase classname="backend.tests.test_dashboard_sandbox_v8.TestAgentCRUD" name="test_create_agent_with_blocked_pattern_exec" time="0.430" /><testcase classname="backend.tests.test_dashboard_sandbox_v8.TestAgentCRUD" name="test_create_agent_with_blocked_pattern_open" time="0.505" /><testcase classname="backend.tests.test_dashboard_sandbox_v8.TestAgentCRUD" name="test_delete_agent" time="0.735" /><testcase classname="backend.tests.test_dashboard_sandbox_v8.TestAgentExecution" name="test_run_agent_success" time="1.018" /><testcase classname="backend.tests.test_dashboard_sandbox_v8.TestAgentExecution" name="test_run_agent_with_safe_imports" time="0.688" /><testcase classname="backend.tests.test_dashboard_sandbox_v8.TestAgentExecution" name="test_run_agent_accesses_input_dict" time="0.967" /><testcase classname="backend.tests.test_dashboard_sandbox_v8.TestAgentExecution" name="test_run_agent_accesses_env_dict" time="0.703" /><testcase classname="backend.tests.test_dashboard_sandbox_v8.TestAgentExecution" name="test_run_agent_print_captured" time="20.095" /><testcase classname="backend.tests.test_dashboard_sandbox_v8.TestAgentExecution" name="test_run_disabled_agent_fails" time="1.320" /><testcase classname="backend.tests.test_dashboard_sandbox_v8.TestAgentToggle" name="test_stop_agent_changes_status_to_disabled" time="0.860" /><testcase classname="backend.tests.test_dashboard_sandbox_v8.TestAgentToggle" name="test_start_agent_changes_status_to_ready" time="0.928" /><testcase classname="backend.tests.test_dashboard_sandbox_v8.TestWebhookTrigger" name="test_webhook_trigger_executes_agent" time="0.703" /><testcase classname="backend.tests.test_dashboard_sandbox_v8.TestWebhookTrigger" name="test_webhook_trigger_disabled_agent_fails" time="0.979" /><testcase classname="backend.tests.test_dashboard_sandbox_v8.TestWebhookTrigger" name="test_webhook_trigger_manual_only_agent_fails" time="0.812" /><testcase classname="backend.tests.test_dashboard_sandbox_v8.TestWebhookTrigger" name="test_webhook_invalid_key_returns_404" time="0.150" /><testcase classname="backend.tests.test_dashboard_sandbox_v8.TestExecutionHistory" name="test_get_executions_returns_history" time="1.014" /><testcase classname="backend.tests.test_dashboard_sandbox_v8.TestTierLimits" name="test_free_user_can_create_up_to_3_agents" time="1.165" /><testcase classname="backend.tests.test_dashboard_sandbox_v8.TestPurchasedAgents" name="test_purchased_endpoint_returns_list" time="0.455" /><testcase classname="backend.tests.test_dashboard_sandbox_v8.TestSandboxSecurity" name="test_blocked_import_sys" time="0.455" /><testcase classname="backend.tests.test_dashboard_sandbox_v8.TestSandboxSecurity" name="test_blocked_import_socket" time="0.506" /><testcase classname="backend.tests.test_dashboard_sandbox_v8.TestSandboxSecurity" name="test_blocked_pattern_getattr" time="0.549" /><testcase classname="backend.tests.test_dashboard_sandbox_v8.TestSandboxSecurity" name="test_blocked_pattern_dunder_import" time="0.508" /><testcase classname="backend.tests.test_dashboard_sandbox_v8.TestSandboxSecurity" name="test_blocked_pattern_dunder_builtins" time="0.440" /></testsuite></testsuites>