<?xml version="1.0" encoding="utf-8"?><testsuites name="pytest tests"><testsuite name="pytest" errors="0" failures="0" skipped="0" tests="33" time="7.528" timestamp="2026-05-27T12:59:29.998475+00:00" hostname="agent-env-e1a74972-928b-48c7-ab8d-0a24f5d55f92"><testcase classname="backend.tests.test_workflow_routes.TestEngineStatus" name="test_engine_status_requires_auth" time="0.176" /><testcase classname="backend.tests.test_workflow_routes.TestEngineStatus" name="test_engine_status_admin" time="0.465" /><testcase classname="backend.tests.test_workflow_routes.TestTemplates" name="test_list_templates" time="0.071" /><testcase classname="backend.tests.test_workflow_routes.TestTemplates" name="test_list_templates_category_filter" time="0.124" /><testcase classname="backend.tests.test_workflow_routes.TestTemplates" name="test_get_single_template" time="0.132" /><testcase classname="backend.tests.test_workflow_routes.TestTemplates" name="test_get_template_404" time="0.058" /><testcase classname="backend.tests.test_workflow_routes.TestForkAndCRUD" name="test_list_user_workflows_includes_fork" time="0.180" /><testcase classname="backend.tests.test_workflow_routes.TestForkAndCRUD" name="test_get_own_workflow" time="0.055" /><testcase classname="backend.tests.test_workflow_routes.TestForkAndCRUD" name="test_isolation_other_user_cannot_see" time="0.456" /><testcase classname="backend.tests.test_workflow_routes.TestForkAndCRUD" name="test_isolation_other_user_cannot_delete" time="0.061" /><testcase classname="backend.tests.test_workflow_routes.TestForkAndCRUD" name="test_delete_own_workflow" time="0.105" /><testcase classname="backend.tests.test_workflow_routes.TestExecution" name="test_execute_transform_double" time="0.233" /><testcase classname="backend.tests.test_workflow_routes.TestExecution" name="test_execute_condition_branch" time="0.238" /><testcase classname="backend.tests.test_workflow_routes.TestExecution" name="test_execute_ssrf_blocked" time="0.163" /><testcase classname="backend.tests.test_workflow_routes.TestExecution" name="test_execute_http_external" time="1.689" /><testcase classname="backend.tests.test_workflow_routes.TestExecution" name="test_run_persisted_in_db" time="0.235" /><testcase classname="backend.tests.test_workflow_routes.TestGuardrails" name="test_cycle_rejected" time="0.172" /><testcase classname="backend.tests.test_workflow_routes.TestGuardrails" name="test_over_50_nodes_rejected" time="0.189" /><testcase classname="backend.tests.test_workflow_routes.TestComputeGate" name="test_freeuser_at_limit_gated" time="0.265" /><testcase classname="backend.tests.test_workflow_routes.TestComputeGate" name="test_freeuser_template_execute_gated" time="0.137" /><testcase classname="backend.tests.test_workflow_routes.TestTemplateDirectExecute" name="test_admin_can_execute_template" time="0.122" /><testcase classname="backend.tests.test_workflow_routes.TestN8nProxyRemoved" name="test_n8n_status_route_gone" time="0.062" /><testcase classname="backend.tests.test_workflow_routes.TestSaveEndpoint" name="test_save_creates_runtime_workflow" time="0.174" /><testcase classname="backend.tests.test_workflow_routes.TestSaveEndpoint" name="test_save_idempotent_same_studio_id" time="0.254" /><testcase classname="backend.tests.test_workflow_routes.TestSaveEndpoint" name="test_save_over_50_nodes_rejected" time="0.062" /><testcase classname="backend.tests.test_workflow_routes.TestSaveEndpoint" name="test_save_non_list_nodes_rejected" time="0.053" /><testcase classname="backend.tests.test_workflow_routes.TestSaveEndpoint" name="test_save_empty_workflow_allowed_then_execute_no_keyerror" time="0.162" /><testcase classname="backend.tests.test_workflow_routes.TestSaveEndpoint" name="test_save_isolation_between_users" time="0.166" /><testcase classname="backend.tests.test_workflow_routes.TestSaveEndpoint" name="test_save_requires_auth" time="0.196" /><testcase classname="backend.tests.test_workflow_routes.TestPatchNodeData" name="test_patch_updates_only_target_node" time="0.227" /><testcase classname="backend.tests.test_workflow_routes.TestPatchNodeData" name="test_patch_wrong_workflow_returns_404" time="0.237" /><testcase classname="backend.tests.test_workflow_routes.TestPatchNodeData" name="test_patch_nonexistent_node_returns_404" time="0.166" /><testcase classname="backend.tests.test_workflow_routes.TestPatchNodeData" name="test_full_loop_save_patch_execute" time="0.281" /></testsuite></testsuites>