<?xml version="1.0" encoding="utf-8"?><testsuites name="pytest tests"><testsuite name="pytest" errors="0" failures="0" skipped="0" tests="12" time="8.947" timestamp="2026-03-26T16:57:05.387864+00:00" hostname="agent-env-e1a74972-928b-48c7-ab8d-0a24f5d55f92"><testcase classname="backend.tests.test_env_manager.TestHealthCheckEndpoint" name="test_health_check_returns_all_dependencies" time="0.236" /><testcase classname="backend.tests.test_env_manager.TestHealthCheckEndpoint" name="test_health_check_all_dependencies_ok" time="0.129" /><testcase classname="backend.tests.test_env_manager.TestHealthCheckEndpoint" name="test_health_check_accepts_any_bearer_token" time="0.112" /><testcase classname="backend.tests.test_env_manager.TestRepairEndpoint" name="test_repair_starts_background_task" time="0.119" /><testcase classname="backend.tests.test_env_manager.TestRepairEndpoint" name="test_repair_no_auth_required" time="0.147" /><testcase classname="backend.tests.test_env_manager.TestRepairStatusEndpoint" name="test_repair_status_returns_state" time="0.121" /><testcase classname="backend.tests.test_env_manager.TestRepairStatusEndpoint" name="test_repair_status_no_auth_required" time="0.107" /><testcase classname="backend.tests.test_env_manager.TestRepairStatusEndpoint" name="test_repair_status_shows_logs_after_repair" time="5.236" /><testcase classname="backend.tests.test_env_manager.TestLaunchPreflightCheck" name="test_launch_succeeds_when_dependencies_ready" time="0.771" /><testcase classname="backend.tests.test_env_manager.TestLaunchPreflightCheck" name="test_launch_requires_csdrop_auth" time="1.126" /><testcase classname="backend.tests.test_env_manager.TestLaunchPreflightCheck" name="test_launch_rejects_admin_user" time="0.554" /><testcase classname="backend.tests.test_env_manager.TestSysExecutable" name="test_health_check_shows_python_path" time="0.109" /></testsuite></testsuites>