<?xml version="1.0" encoding="utf-8"?><testsuites name="pytest tests"><testsuite name="pytest" errors="0" failures="0" skipped="0" tests="30" time="11.641" timestamp="2026-03-26T02:28:24.301355+00:00" hostname="agent-env-e1a74972-928b-48c7-ab8d-0a24f5d55f92"><testcase classname="backend.tests.test_nova_api_v7.TestHealthAndWaitlist" name="test_api_health" time="0.224" /><testcase classname="backend.tests.test_nova_api_v7.TestHealthAndWaitlist" name="test_waitlist_count" time="0.142" /><testcase classname="backend.tests.test_nova_api_v7.TestAuthentication" name="test_user_registration" time="0.359" /><testcase classname="backend.tests.test_nova_api_v7.TestAuthentication" name="test_duplicate_registration_fails" time="0.154" /><testcase classname="backend.tests.test_nova_api_v7.TestAuthentication" name="test_admin_login" time="0.331" /><testcase classname="backend.tests.test_nova_api_v7.TestAuthentication" name="test_regular_user_login" time="0.336" /><testcase classname="backend.tests.test_nova_api_v7.TestAuthentication" name="test_login_wrong_password" time="0.352" /><testcase classname="backend.tests.test_nova_api_v7.TestAuthentication" name="test_get_me_with_token" time="0.469" /><testcase classname="backend.tests.test_nova_api_v7.TestAuthentication" name="test_get_me_without_token" time="0.108" /><testcase classname="backend.tests.test_nova_api_v7.TestStudioWorkflows" name="test_create_workflow" time="0.569" /><testcase classname="backend.tests.test_nova_api_v7.TestStudioWorkflows" name="test_regular_user_can_access_studio" time="0.783" /><testcase classname="backend.tests.test_nova_api_v7.TestStudioWorkflows" name="test_regular_user_can_create_workflow" time="0.593" /><testcase classname="backend.tests.test_nova_api_v7.TestStudioWorkflows" name="test_workflow_crud_flow" time="0.925" /><testcase classname="backend.tests.test_nova_api_v7.TestStudioWorkflows" name="test_workflow_without_auth" time="0.115" /><testcase classname="backend.tests.test_nova_api_v7.TestComplianceLinter" name="test_linter_clean_workflow" time="0.480" /><testcase classname="backend.tests.test_nova_api_v7.TestComplianceLinter" name="test_linter_detects_exposed_api_key" time="0.455" /><testcase classname="backend.tests.test_nova_api_v7.TestStripePayments" name="test_checkout_requires_auth" time="0.118" /><testcase classname="backend.tests.test_nova_api_v7.TestStripePayments" name="test_checkout_rent_creates_session" time="1.139" /><testcase classname="backend.tests.test_nova_api_v7.TestStripePayments" name="test_checkout_buy_creates_session" time="0.837" /><testcase classname="backend.tests.test_nova_api_v7.TestStripePayments" name="test_checkout_requires_origin_url" time="0.427" /><testcase classname="backend.tests.test_nova_api_v7.TestStripePayments" name="test_checkout_invalid_agent" time="0.431" /><testcase classname="backend.tests.test_nova_api_v7.TestStripePayments" name="test_payment_status_endpoint" time="1.144" /><testcase classname="backend.tests.test_nova_api_v7.TestStripePayments" name="test_payment_status_invalid_session" time="0.111" /><testcase classname="backend.tests.test_nova_api_v7.TestStripePayments" name="test_webhook_endpoint_exists" time="0.117" /><testcase classname="backend.tests.test_nova_api_v7.TestMarketplaceSearch" name="test_search_by_query" time="0.175" /><testcase classname="backend.tests.test_nova_api_v7.TestMarketplaceSearch" name="test_search_by_category" time="0.124" /><testcase classname="backend.tests.test_nova_api_v7.TestMarketplaceSearch" name="test_get_agents_list" time="0.100" /><testcase classname="backend.tests.test_nova_api_v7.TestMarketplaceSearch" name="test_get_agent_detail" time="0.119" /><testcase classname="backend.tests.test_nova_api_v7.TestCreatorsAndSupernova" name="test_get_creators" time="0.109" /><testcase classname="backend.tests.test_nova_api_v7.TestCreatorsAndSupernova" name="test_creator_has_supernova_field" time="0.106" /></testsuite></testsuites>