<?xml version="1.0" encoding="utf-8"?><testsuites name="pytest tests"><testsuite name="pytest" errors="0" failures="0" skipped="0" tests="26" time="11.293" timestamp="2026-03-26T15:39:29.434170+00:00" hostname="agent-env-e1a74972-928b-48c7-ab8d-0a24f5d55f92"><testcase classname="backend.tests.test_csdrop_portal.TestCsdropAuthentication" name="test_csdrop_login_success" time="0.393" /><testcase classname="backend.tests.test_csdrop_portal.TestCsdropAuthentication" name="test_csdrop_user_has_correct_attributes" time="0.344" /><testcase classname="backend.tests.test_csdrop_portal.TestCsdropAuthentication" name="test_csdrop_login_wrong_password" time="0.327" /><testcase classname="backend.tests.test_csdrop_portal.TestClientIsolation" name="test_admin_cannot_access_csdrop_dashboard" time="0.436" /><testcase classname="backend.tests.test_csdrop_portal.TestClientIsolation" name="test_admin_cannot_access_csdrop_execute" time="0.452" /><testcase classname="backend.tests.test_csdrop_portal.TestClientIsolation" name="test_admin_cannot_access_csdrop_agents" time="0.467" /><testcase classname="backend.tests.test_csdrop_portal.TestClientIsolation" name="test_unauthenticated_cannot_access_csdrop" time="0.128" /><testcase classname="backend.tests.test_csdrop_portal.TestClientIsolation" name="test_csdrop_user_can_access_dashboard" time="0.477" /><testcase classname="backend.tests.test_csdrop_portal.TestCsdropDashboard" name="test_dashboard_returns_stats" time="0.462" /><testcase classname="backend.tests.test_csdrop_portal.TestCodeExecution" name="test_execute_simple_code" time="0.438" /><testcase classname="backend.tests.test_csdrop_portal.TestCodeExecution" name="test_execute_with_safe_imports" time="0.472" /><testcase classname="backend.tests.test_csdrop_portal.TestCodeExecution" name="test_execute_blocks_dangerous_imports_os" time="0.466" /><testcase classname="backend.tests.test_csdrop_portal.TestCodeExecution" name="test_execute_blocks_dangerous_imports_sys" time="0.465" /><testcase classname="backend.tests.test_csdrop_portal.TestCodeExecution" name="test_execute_blocks_dangerous_imports_subprocess" time="0.440" /><testcase classname="backend.tests.test_csdrop_portal.TestCodeExecution" name="test_execute_receives_input_data" time="0.432" /><testcase classname="backend.tests.test_csdrop_portal.TestCodeExecution" name="test_execute_print_captured" time="0.473" /><testcase classname="backend.tests.test_csdrop_portal.TestExecutionHistory" name="test_get_executions" time="0.557" /><testcase classname="backend.tests.test_csdrop_portal.TestBotControls" name="test_bot_launch_endpoint" time="0.477" /><testcase classname="backend.tests.test_csdrop_portal.TestBotControls" name="test_bot_stop_endpoint" time="0.446" /><testcase classname="backend.tests.test_csdrop_portal.TestBotControls" name="test_bot_logs_endpoint" time="0.481" /><testcase classname="backend.tests.test_csdrop_portal.TestCsdropAgents" name="test_list_agents" time="0.437" /><testcase classname="backend.tests.test_csdrop_portal.TestCsdropAgents" name="test_create_and_delete_agent" time="0.793" /><testcase classname="backend.tests.test_csdrop_portal.TestCsdropAgents" name="test_run_agent" time="0.669" /><testcase classname="backend.tests.test_csdrop_portal.TestMainAppStillWorks" name="test_marketplace_agents_still_work" time="0.102" /><testcase classname="backend.tests.test_csdrop_portal.TestMainAppStillWorks" name="test_admin_dashboard_still_works" time="0.444" /><testcase classname="backend.tests.test_csdrop_portal.TestMainAppStillWorks" name="test_api_root_still_works" time="0.108" /></testsuite></testsuites>