<?xml version="1.0" encoding="utf-8"?><testsuites name="pytest tests"><testsuite name="pytest" errors="0" failures="0" skipped="0" tests="32" time="9.377" timestamp="2026-03-26T02:09:43.346549+00:00" hostname="agent-env-e1a74972-928b-48c7-ab8d-0a24f5d55f92"><testcase classname="backend.tests.test_nova_api.TestHealthAndWaitlist" name="test_api_health" time="0.214" /><testcase classname="backend.tests.test_nova_api.TestHealthAndWaitlist" name="test_waitlist_count" time="0.118" /><testcase classname="backend.tests.test_nova_api.TestAuthentication" name="test_user_registration" time="0.349" /><testcase classname="backend.tests.test_nova_api.TestAuthentication" name="test_duplicate_registration_fails" time="0.110" /><testcase classname="backend.tests.test_nova_api.TestAuthentication" name="test_admin_login" time="0.335" /><testcase classname="backend.tests.test_nova_api.TestAuthentication" name="test_login_wrong_password" time="0.349" /><testcase classname="backend.tests.test_nova_api.TestAuthentication" name="test_get_me_with_token" time="0.439" /><testcase classname="backend.tests.test_nova_api.TestAuthentication" name="test_get_me_without_token" time="0.112" /><testcase classname="backend.tests.test_nova_api.TestPasswordReset" name="test_forgot_password_generates_token" time="0.123" /><testcase classname="backend.tests.test_nova_api.TestPasswordReset" name="test_forgot_password_nonexistent_email" time="0.122" /><testcase classname="backend.tests.test_nova_api.TestPasswordReset" name="test_reset_password_with_valid_token" time="0.497" /><testcase classname="backend.tests.test_nova_api.TestPasswordReset" name="test_reset_password_with_invalid_token" time="0.139" /><testcase classname="backend.tests.test_nova_api.TestStudioWorkflows" name="test_create_workflow" time="0.562" /><testcase classname="backend.tests.test_nova_api.TestStudioWorkflows" name="test_list_workflows" time="0.533" /><testcase classname="backend.tests.test_nova_api.TestStudioWorkflows" name="test_workflow_crud_flow" time="0.950" /><testcase classname="backend.tests.test_nova_api.TestStudioWorkflows" name="test_workflow_without_auth" time="0.111" /><testcase classname="backend.tests.test_nova_api.TestComplianceLinter" name="test_linter_clean_workflow" time="0.466" /><testcase classname="backend.tests.test_nova_api.TestComplianceLinter" name="test_linter_detects_exposed_api_key" time="0.432" /><testcase classname="backend.tests.test_nova_api.TestComplianceLinter" name="test_linter_detects_prompt_injection" time="0.452" /><testcase classname="backend.tests.test_nova_api.TestComplianceLinter" name="test_linter_detects_orphan_nodes" time="0.438" /><testcase classname="backend.tests.test_nova_api.TestComplianceLinter" name="test_linter_detects_blacklisted_domain" time="0.505" /><testcase classname="backend.tests.test_nova_api.TestMarketplaceSearch" name="test_search_by_query" time="0.112" /><testcase classname="backend.tests.test_nova_api.TestMarketplaceSearch" name="test_search_by_category" time="0.108" /><testcase classname="backend.tests.test_nova_api.TestMarketplaceSearch" name="test_search_by_min_trust" time="0.114" /><testcase classname="backend.tests.test_nova_api.TestMarketplaceSearch" name="test_search_sort_by_rating" time="0.119" /><testcase classname="backend.tests.test_nova_api.TestMarketplaceSearch" name="test_search_pagination" time="0.107" /><testcase classname="backend.tests.test_nova_api.TestAgentExport" name="test_export_agent" time="0.436" /><testcase classname="backend.tests.test_nova_api.TestAgentExport" name="test_export_nonexistent_agent" time="0.439" /><testcase classname="backend.tests.test_nova_api.TestAgentExport" name="test_export_requires_auth" time="0.109" /><testcase classname="backend.tests.test_nova_api.TestCreatorsAndSupernova" name="test_get_creators" time="0.124" /><testcase classname="backend.tests.test_nova_api.TestCreatorsAndSupernova" name="test_creator_has_supernova_field" time="0.124" /><testcase classname="backend.tests.test_nova_api.TestCreatorsAndSupernova" name="test_search_includes_creator_supernova" time="0.116" /></testsuite></testsuites>