<?xml version="1.0" encoding="utf-8"?><testsuites name="pytest tests"><testsuite name="pytest" errors="0" failures="0" skipped="0" tests="7" time="2.512" timestamp="2026-05-27T10:13:54.176327+00:00" hostname="agent-env-e1a74972-928b-48c7-ab8d-0a24f5d55f92"><testcase classname="backend.tests.test_compute_kill_switch.TestSubscriptionStatusCompute" name="test_free_user_compute_block" time="0.593" /><testcase classname="backend.tests.test_compute_kill_switch.TestSubscriptionStatusCompute" name="test_admin_user_unlimited" time="0.461" /><testcase classname="backend.tests.test_compute_kill_switch.TestRunAgentKillSwitch" name="test_free_user_blocked_on_run_agent" time="0.104" /><testcase classname="backend.tests.test_compute_kill_switch.TestDashboardAgentRunKillSwitch" name="test_free_user_blocked_on_dashboard_run" time="0.113" /><testcase classname="backend.tests.test_compute_kill_switch.TestWebhookKillSwitch" name="test_webhook_blocked_for_depleted_owner" time="0.115" /><testcase classname="backend.tests.test_compute_kill_switch.TestAdminBypass" name="test_admin_not_blocked_on_dashboard_run" time="0.108" /><testcase classname="backend.tests.test_compute_kill_switch.TestIncrementOnDispatch" name="test_increment_after_dashboard_run" time="0.801" /></testsuite></testsuites>