<?xml version="1.0" encoding="utf-8"?><testsuites name="pytest tests"><testsuite name="pytest" errors="0" failures="0" skipped="0" tests="8" time="12.425" timestamp="2026-04-02T08:43:18.834583+00:00" hostname="agent-env-e1a74972-928b-48c7-ab8d-0a24f5d55f92"><testcase classname="backend.tests.test_ghost_striking_fixes.TestCsdropAuth" name="test_csdrop_login_success" time="0.495" /><testcase classname="backend.tests.test_ghost_striking_fixes.TestErrorScreenshotEndpoint" name="test_error_screenshot_returns_404_when_no_screenshot" time="0.108" /><testcase classname="backend.tests.test_ghost_striking_fixes.TestBotLaunchAndLogs" name="test_bot_launch_and_boot_logs" time="9.790" /><testcase classname="backend.tests.test_ghost_striking_fixes.TestBotLaunchAndLogs" name="test_logs_endpoint_returns_expected_fields" time="0.099" /><testcase classname="backend.tests.test_ghost_striking_fixes.TestHealthEndpoint" name="test_health_check_works" time="0.423" /><testcase classname="backend.tests.test_ghost_striking_fixes.TestCodeRunner" name="test_code_runner_still_works" time="0.434" /><testcase classname="backend.tests.test_ghost_striking_fixes.TestSyncSession" name="test_sync_status_endpoint_works" time="0.431" /><testcase classname="backend.tests.test_ghost_striking_fixes.TestDashboard" name="test_dashboard_endpoint_works" time="0.453" /></testsuite></testsuites>