<?xml version="1.0" encoding="utf-8"?><testsuites name="pytest tests"><testsuite name="pytest" errors="0" failures="0" skipped="0" tests="14" time="6.707" timestamp="2026-04-02T08:13:03.837173+00:00" hostname="agent-env-e1a74972-928b-48c7-ab8d-0a24f5d55f92"><testcase classname="backend.tests.test_log_stream.TestLogStreamEndpoint" name="test_logs_requires_authentication" time="0.196" /><testcase classname="backend.tests.test_log_stream.TestLogStreamEndpoint" name="test_logs_rejects_non_csdrop_user" time="0.453" /><testcase classname="backend.tests.test_log_stream.TestLogStreamEndpoint" name="test_logs_returns_expected_fields" time="0.429" /><testcase classname="backend.tests.test_log_stream.TestLogStreamEndpoint" name="test_logs_returns_total_lines_when_file_exists" time="0.117" /><testcase classname="backend.tests.test_log_stream.TestLogStreamEndpoint" name="test_logs_lines_parameter" time="0.099" /><testcase classname="backend.tests.test_log_stream.TestLogStreamEndpoint" name="test_logs_default_lines_50" time="0.104" /><testcase classname="backend.tests.test_log_stream.TestLogFileCreation" name="test_launch_creates_log_file" time="4.327" /><testcase classname="backend.tests.test_log_stream.TestLogFileCreation" name="test_stop_bot_after_launch" time="0.109" /><testcase classname="backend.tests.test_log_stream.TestRegressionChecks" name="test_health_endpoint" time="0.132" /><testcase classname="backend.tests.test_log_stream.TestRegressionChecks" name="test_dashboard_endpoint" time="0.108" /><testcase classname="backend.tests.test_log_stream.TestRegressionChecks" name="test_bot_logs_endpoint" time="0.098" /><testcase classname="backend.tests.test_log_stream.TestRegressionChecks" name="test_live_feed_endpoint" time="0.114" /><testcase classname="backend.tests.test_log_stream.TestRegressionChecks" name="test_sync_session_endpoint" time="0.109" /><testcase classname="backend.tests.test_log_stream.TestRegressionChecks" name="test_execute_code_endpoint" time="0.106" /></testsuite></testsuites>