<?xml version="1.0" encoding="utf-8"?><testsuites name="pytest tests"><testsuite name="pytest" errors="0" failures="1" skipped="0" tests="22" time="5.807" timestamp="2026-05-27T12:47:58.667067+00:00" hostname="agent-env-e1a74972-928b-48c7-ab8d-0a24f5d55f92"><testcase classname="tests.test_workflow_routes.TestEngineStatus" name="test_engine_status_requires_auth" time="0.299" /><testcase classname="tests.test_workflow_routes.TestEngineStatus" name="test_engine_status_admin" time="0.483" /><testcase classname="tests.test_workflow_routes.TestTemplates" name="test_list_templates" time="0.085" /><testcase classname="tests.test_workflow_routes.TestTemplates" name="test_list_templates_category_filter" time="0.120" /><testcase classname="tests.test_workflow_routes.TestTemplates" name="test_get_single_template" time="0.114" /><testcase classname="tests.test_workflow_routes.TestTemplates" name="test_get_template_404" time="0.059" /><testcase classname="tests.test_workflow_routes.TestForkAndCRUD" name="test_list_user_workflows_includes_fork" time="0.185" /><testcase classname="tests.test_workflow_routes.TestForkAndCRUD" name="test_get_own_workflow" time="0.053" /><testcase classname="tests.test_workflow_routes.TestForkAndCRUD" name="test_isolation_other_user_cannot_see" time="0.486" /><testcase classname="tests.test_workflow_routes.TestForkAndCRUD" name="test_isolation_other_user_cannot_delete" time="0.052" /><testcase classname="tests.test_workflow_routes.TestForkAndCRUD" name="test_delete_own_workflow" time="0.101" /><testcase classname="tests.test_workflow_routes.TestExecution" name="test_execute_transform_double" time="0.221" /><testcase classname="tests.test_workflow_routes.TestExecution" name="test_execute_condition_branch" time="0.219" /><testcase classname="tests.test_workflow_routes.TestExecution" name="test_execute_ssrf_blocked" time="0.164" /><testcase classname="tests.test_workflow_routes.TestExecution" name="test_execute_http_external" time="1.772" /><testcase classname="tests.test_workflow_routes.TestExecution" name="test_run_persisted_in_db" time="0.227" /><testcase classname="tests.test_workflow_routes.TestGuardrails" name="test_cycle_rejected" time="0.170" /><testcase classname="tests.test_workflow_routes.TestGuardrails" name="test_over_50_nodes_rejected" time="0.105"><failure message="AssertionError: Internal Server Error&#10;assert 500 == 200&#10; +  where 500 = &lt;Response [500]&gt;.status_code">tests/test_workflow_routes.py:296: in test_over_50_nodes_rejected
    assert r.status_code == 200, r.text  # body says success=False
    ^^^^^^^^^^^^^^^^^^^^^^^^^^^^^^^^^^^
E   AssertionError: Internal Server Error
E   assert 500 == 200
E    +  where 500 = &lt;Response [500]&gt;.status_code</failure></testcase><testcase classname="tests.test_workflow_routes.TestComputeGate" name="test_freeuser_at_limit_gated" time="0.258" /><testcase classname="tests.test_workflow_routes.TestComputeGate" name="test_freeuser_template_execute_gated" time="0.260" /><testcase classname="tests.test_workflow_routes.TestTemplateDirectExecute" name="test_admin_can_execute_template" time="0.116" /><testcase classname="tests.test_workflow_routes.TestN8nProxyRemoved" name="test_n8n_status_route_gone" time="0.051" /></testsuite></testsuites>