<?xml version="1.0" encoding="utf-8"?><testsuites name="pytest tests"><testsuite name="pytest" errors="0" failures="0" skipped="0" tests="16" time="4.254" timestamp="2026-05-26T09:55:06.486436+00:00" hostname="agent-env-e1a74972-928b-48c7-ab8d-0a24f5d55f92"><testcase classname="backend.tests.test_subscriptions_referrals.TestSubscriptions" name="test_status_requires_auth" time="0.243" /><testcase classname="backend.tests.test_subscriptions_referrals.TestSubscriptions" name="test_status_recruit_for_free_user" time="0.467" /><testcase classname="backend.tests.test_subscriptions_referrals.TestSubscriptions" name="test_checkout_invalid_tier" time="0.495" /><testcase classname="backend.tests.test_subscriptions_referrals.TestSubscriptions" name="test_checkout_cadet_returns_stripe_url" time="0.625" /><testcase classname="backend.tests.test_subscriptions_referrals.TestSubscriptions" name="test_checkout_operator_returns_stripe_url" time="0.487" /><testcase classname="backend.tests.test_subscriptions_referrals.TestSubscriptions" name="test_checkout_requires_auth" time="0.113" /><testcase classname="backend.tests.test_subscriptions_referrals.TestSubscriptions" name="test_cancel_no_active_subscription_returns_404" time="0.148" /><testcase classname="backend.tests.test_subscriptions_referrals.TestSubscriptions" name="test_cancel_requires_auth" time="0.102" /><testcase classname="backend.tests.test_subscriptions_referrals.TestReferrals" name="test_my_code_requires_auth" time="0.419" /><testcase classname="backend.tests.test_subscriptions_referrals.TestReferrals" name="test_my_code_generates_format" time="0.110" /><testcase classname="backend.tests.test_subscriptions_referrals.TestReferrals" name="test_my_code_idempotent" time="0.212" /><testcase classname="backend.tests.test_subscriptions_referrals.TestReferrals" name="test_apply_invalid_code_returns_404" time="0.110" /><testcase classname="backend.tests.test_subscriptions_referrals.TestReferrals" name="test_apply_own_code_returns_400" time="0.259" /><testcase classname="backend.tests.test_subscriptions_referrals.TestReferrals" name="test_credits_endpoint" time="0.105" /><testcase classname="backend.tests.test_subscriptions_referrals.TestReferrals" name="test_apply_requires_auth" time="0.146" /><testcase classname="backend.tests.test_subscriptions_referrals.TestReferrals" name="test_credits_requires_auth" time="0.122" /></testsuite></testsuites>