<?xml version="1.0" encoding="utf-8"?><testsuites name="pytest tests"><testsuite name="pytest" errors="0" failures="0" skipped="0" tests="15" time="2.166" timestamp="2026-03-26T17:34:43.278260+00:00" hostname="agent-env-e1a74972-928b-48c7-ab8d-0a24f5d55f92"><testcase classname="tests.test_live_feed.TestLiveFeedStatusEndpoint" name="test_live_feed_status_requires_auth" time="0.189" /><testcase classname="tests.test_live_feed.TestLiveFeedStatusEndpoint" name="test_live_feed_status_requires_csdrop_user" time="0.464" /><testcase classname="tests.test_live_feed.TestLiveFeedStatusEndpoint" name="test_live_feed_status_returns_availability" time="0.501" /><testcase classname="tests.test_live_feed.TestLiveFeedStatusEndpoint" name="test_live_feed_status_shows_available_when_file_exists" time="0.108" /><testcase classname="tests.test_live_feed.TestLiveFeedImageEndpoint" name="test_live_feed_image_no_auth_required" time="0.105" /><testcase classname="tests.test_live_feed.TestLiveFeedImageEndpoint" name="test_live_feed_image_returns_jpeg_when_exists" time="0.105" /><testcase classname="tests.test_live_feed.TestLiveFeedImageEndpoint" name="test_live_feed_image_has_no_cache_headers" time="0.132" /><testcase classname="tests.test_live_feed.TestLiveFeedImageEndpoint" name="test_live_feed_image_returns_404_when_no_file" time="0.097" /><testcase classname="tests.test_live_feed.TestSovereignPyIntegration" name="test_screenshot_path_constant_exists" time="0.000" /><testcase classname="tests.test_live_feed.TestSovereignPyIntegration" name="test_capture_feed_function_exists" time="0.000" /><testcase classname="tests.test_live_feed.TestSovereignPyIntegration" name="test_stealth_async_import" time="0.000" /><testcase classname="tests.test_live_feed.TestSovereignPyIntegration" name="test_capture_feed_called_at_key_points" time="0.000" /><testcase classname="tests.test_live_feed.TestCsdropDashboardIntegration" name="test_csdrop_dashboard_endpoint_works" time="0.116" /><testcase classname="tests.test_live_feed.TestCsdropDashboardIntegration" name="test_csdrop_health_endpoint_works" time="0.105" /><testcase classname="tests.test_live_feed.TestCsdropDashboardIntegration" name="test_csdrop_execute_endpoint_works" time="0.109" /></testsuite></testsuites>