<?xml version="1.0" encoding="utf-8"?><testsuites name="pytest tests"><testsuite name="pytest" errors="0" failures="0" skipped="0" tests="7" time="3.305" timestamp="2026-05-25T14:48:21.610946+00:00" hostname="agent-env-e1a74972-928b-48c7-ab8d-0a24f5d55f92"><testcase classname="backend.tests.test_security_dashboard" name="test_security_stats_no_auth" time="0.230" /><testcase classname="backend.tests.test_security_dashboard" name="test_security_stats_non_admin" time="0.505" /><testcase classname="backend.tests.test_security_dashboard" name="test_security_stats_admin" time="1.479" /><testcase classname="backend.tests.test_security_dashboard" name="test_security_events_no_auth" time="0.122" /><testcase classname="backend.tests.test_security_dashboard" name="test_security_events_non_admin" time="0.114" /><testcase classname="backend.tests.test_security_dashboard" name="test_security_events_admin" time="0.399" /><testcase classname="backend.tests.test_security_dashboard" name="test_security_events_filter_verdict" time="0.393" /></testsuite></testsuites>